Using pre-set license
Built from '2022.3/staging' branch; Version is '2022.3.17f1 (4fc78088f837) revision 5228416'; Using compiler version '192829333'; Build Type 'Release'
OS: 'Windows 11  (10.0.26200) 64bit Professional' Language: 'pt' Physical Memory: 16105 MB
BatchMode: 1, IsHumanControllingUs: 0, StartBugReporterOnCrash: 0, Is64bit: 1, IsPro: 1

COMMAND LINE ARGUMENTS:
C:\Program Files\Unity\Hub\Editor\2022.3.17f1\Editor\Unity.exe
-adb2
-batchMode
-noUpm
-name
AssetImportWorker0
-projectPath
C:/Users/aluno.unilasalle/Documents/GitHub/Jogo-Abisurdo-2d/My project (14)
-logFile
Logs/AssetImportWorker0.log
-srvPort
50208
Successfully changed project path to: C:/Users/aluno.unilasalle/Documents/GitHub/Jogo-Abisurdo-2d/My project (14)
C:/Users/aluno.unilasalle/Documents/GitHub/Jogo-Abisurdo-2d/My project (14)
[UnityMemory] Configuration Parameters - Can be set up in boot.config
    "memorysetup-bucket-allocator-granularity=16"
    "memorysetup-bucket-allocator-bucket-count=8"
    "memorysetup-bucket-allocator-block-size=33554432"
    "memorysetup-bucket-allocator-block-count=8"
    "memorysetup-main-allocator-block-size=16777216"
    "memorysetup-thread-allocator-block-size=16777216"
    "memorysetup-gfx-main-allocator-block-size=16777216"
    "memorysetup-gfx-thread-allocator-block-size=16777216"
    "memorysetup-cache-allocator-block-size=4194304"
    "memorysetup-typetree-allocator-block-size=2097152"
    "memorysetup-profiler-bucket-allocator-granularity=16"
    "memorysetup-profiler-bucket-allocator-bucket-count=8"
    "memorysetup-profiler-bucket-allocator-block-size=33554432"
    "memorysetup-profiler-bucket-allocator-block-count=8"
    "memorysetup-profiler-allocator-block-size=16777216"
    "memorysetup-profiler-editor-allocator-block-size=1048576"
    "memorysetup-temp-allocator-size-main=16777216"
    "memorysetup-job-temp-allocator-block-size=2097152"
    "memorysetup-job-temp-allocator-block-size-background=1048576"
    "memorysetup-job-temp-allocator-reduction-small-platforms=262144"
    "memorysetup-allocator-temp-initial-block-size-main=262144"
    "memorysetup-allocator-temp-initial-block-size-worker=262144"
    "memorysetup-temp-allocator-size-background-worker=32768"
    "memorysetup-temp-allocator-size-job-worker=262144"
    "memorysetup-temp-allocator-size-preload-manager=33554432"
    "memorysetup-temp-allocator-size-nav-mesh-worker=65536"
    "memorysetup-temp-allocator-size-audio-worker=65536"
    "memorysetup-temp-allocator-size-cloud-worker=32768"
    "memorysetup-temp-allocator-size-gi-baking-worker=262144"
    "memorysetup-temp-allocator-size-gfx=262144"
Player connection [13024] Host "[IP] 10.10.5.239 [Port] 0 [Flags] 2 [Guid] 1984851495 [EditorId] 1984851495 [Version] 1048832 [Id] WindowsEditor(7,LB113UNI) [Debug] 1 [PackageName] WindowsEditor [ProjectName] Editor" joined multi-casting on [225.0.0.222:54997]...

Player connection [13024] Host "[IP] 10.10.5.239 [Port] 0 [Flags] 2 [Guid] 1984851495 [EditorId] 1984851495 [Version] 1048832 [Id] WindowsEditor(7,LB113UNI) [Debug] 1 [PackageName] WindowsEditor [ProjectName] Editor" joined alternative multi-casting on [225.0.0.222:34997]...

[Physics::Module] Initialized MultithreadedJobDispatcher with 19 workers.
Refreshing native plugins compatible for Editor in 11.00 ms, found 4 plugins.
Preloading 0 native plugins for Editor in 0.00 ms.
Initialize engine version: 2022.3.17f1 (4fc78088f837)
[Subsystems] Discovering subsystems at path C:/Program Files/Unity/Hub/Editor/2022.3.17f1/Editor/Data/Resources/UnitySubsystems
[Subsystems] Discovering subsystems at path C:/Users/aluno.unilasalle/Documents/GitHub/Jogo-Abisurdo-2d/My project (14)/Assets
GfxDevice: creating device client; threaded=0; jobified=0
Direct3D:
    Version:  Direct3D 11.0 [level 11.1]
    Renderer: NVIDIA GeForce GTX 1660 SUPER (ID=0x21c4)
    Vendor:   NVIDIA
    VRAM:     5966 MB
    Driver:   32.0.15.7683
Initialize mono
Mono path[0] = 'C:/Program Files/Unity/Hub/Editor/2022.3.17f1/Editor/Data/Managed'
Mono path[1] = 'C:/Program Files/Unity/Hub/Editor/2022.3.17f1/Editor/Data/MonoBleedingEdge/lib/mono/unityjit-win32'
Mono config path = 'C:/Program Files/Unity/Hub/Editor/2022.3.17f1/Editor/Data/MonoBleedingEdge/etc'
Using monoOptions --debugger-agent=transport=dt_socket,embedding=1,server=y,suspend=n,address=127.0.0.1:56884
Begin MonoManager ReloadAssembly
Registering precompiled unity dll's ...
Register platform support module: C:/Program Files/Unity/Hub/Editor/2022.3.17f1/Editor/Data/PlaybackEngines/WebGLSupport/UnityEditor.WebGL.Extensions.dll
Register platform support module: C:/Program Files/Unity/Hub/Editor/2022.3.17f1/Editor/Data/PlaybackEngines/WindowsStandaloneSupport/UnityEditor.WindowsStandalone.Extensions.dll
Registered in 0.006397 seconds.
- Loaded All Assemblies, in  0.257 seconds
Native extension for WindowsStandalone target not found
Native extension for WebGL target not found
Mono: successfully reloaded assembly
- Finished resetting the current domain, in  0.204 seconds
Domain Reload Profiling: 460ms
	BeginReloadAssembly (78ms)
		ExecutionOrderSort (0ms)
		DisableScriptedObjects (0ms)
		BackupInstance (0ms)
		ReleaseScriptingObjects (0ms)
		CreateAndSetChildDomain (1ms)
	RebuildCommonClasses (25ms)
	RebuildNativeTypeToScriptingClass (7ms)
	initialDomainReloadingComplete (45ms)
	LoadAllAssembliesAndSetupDomain (100ms)
		LoadAssemblies (77ms)
		RebuildTransferFunctionScriptingTraits (0ms)
		AnalyzeDomain (98ms)
			TypeCache.Refresh (97ms)
				TypeCache.ScanAssembly (88ms)
			ScanForSourceGeneratedMonoScriptInfo (0ms)
			ResolveRequiredComponents (0ms)
	FinalizeReload (205ms)
		ReleaseScriptCaches (0ms)
		RebuildScriptCaches (0ms)
		SetupLoadedEditorAssemblies (160ms)
			LogAssemblyErrors (0ms)
			InitializePlatformSupportModulesInManaged (8ms)
			SetLoadedEditorAssemblies (4ms)
			RefreshPlugins (0ms)
			BeforeProcessingInitializeOnLoad (2ms)
			ProcessInitializeOnLoadAttributes (111ms)
			ProcessInitializeOnLoadMethodAttributes (35ms)
			AfterProcessingInitializeOnLoad (0ms)
			EditorAssembliesLoaded (0ms)
		ExecutionOrderSort2 (0ms)
		AwakeInstancesAfterBackupRestoration (0ms)
========================================================================
Worker process is ready to serve import requests
Begin MonoManager ReloadAssembly
- Loaded All Assemblies, in  0.509 seconds
Refreshing native plugins compatible for Editor in 4.44 ms, found 4 plugins.
Native extension for WindowsStandalone target not found
Native extension for WebGL target not found
Mono: successfully reloaded assembly
- Finished resetting the current domain, in  0.462 seconds
Domain Reload Profiling: 968ms
	BeginReloadAssembly (117ms)
		ExecutionOrderSort (0ms)
		DisableScriptedObjects (4ms)
		BackupInstance (0ms)
		ReleaseScriptingObjects (0ms)
		CreateAndSetChildDomain (16ms)
	RebuildCommonClasses (23ms)
	RebuildNativeTypeToScriptingClass (7ms)
	initialDomainReloadingComplete (33ms)
	LoadAllAssembliesAndSetupDomain (327ms)
		LoadAssemblies (267ms)
		RebuildTransferFunctionScriptingTraits (0ms)
		AnalyzeDomain (126ms)
			TypeCache.Refresh (106ms)
				TypeCache.ScanAssembly (96ms)
			ScanForSourceGeneratedMonoScriptInfo (16ms)
			ResolveRequiredComponents (3ms)
	FinalizeReload (462ms)
		ReleaseScriptCaches (0ms)
		RebuildScriptCaches (0ms)
		SetupLoadedEditorAssemblies (344ms)
			LogAssemblyErrors (0ms)
			InitializePlatformSupportModulesInManaged (6ms)
			SetLoadedEditorAssemblies (3ms)
			RefreshPlugins (0ms)
			BeforeProcessingInitializeOnLoad (53ms)
			ProcessInitializeOnLoadAttributes (248ms)
			ProcessInitializeOnLoadMethodAttributes (29ms)
			AfterProcessingInitializeOnLoad (6ms)
			EditorAssembliesLoaded (0ms)
		ExecutionOrderSort2 (0ms)
		AwakeInstancesAfterBackupRestoration (5ms)
Launched and connected shader compiler UnityShaderCompiler.exe after 0.03 seconds
Refreshing native plugins compatible for Editor in 7.71 ms, found 4 plugins.
Preloading 0 native plugins for Editor in 0.00 ms.
Unloading 4182 Unused Serialized files (Serialized files now loaded: 0)
Unloading 66 unused Assets / (61.0 KB). Loaded Objects now: 4644.
Memory consumption went from 148.1 MB to 148.1 MB.
Total: 2.721700 ms (FindLiveObjects: 0.213200 ms CreateObjectMapping: 0.103800 ms MarkObjects: 2.306700 ms  DeleteObjects: 0.097100 ms)

AssetImportParameters requested are different than current active one (requested -> active):
  custom:container-demuxer-ogg: 62fdf1f143b41e24485cea50d1cbac27 -> 
  custom:video-decoder-ogg-theora: a1e56fd34408186e4bbccfd4996cb3dc -> 
  custom:framework-win-MediaFoundation: 216162199b28c13a410421893ffa2e32 -> 
  custom:CustomObjectIndexerAttribute: 6d391050e5a25f67b0a2c618074f2cd9 -> 
  custom:container-demuxer-webm: 4f35f7cbe854078d1ac9338744f61a02 -> 
  custom:container-muxer-webm: aa71ff27fc2769a1b78a27578f13a17b -> 
  custom:video-decoder-webm-vp8: 9c59270c3fd7afecdb556c50c9e8de78 -> 
  custom:SearchIndexIgnoredProperties: e643bd26f0fe6173181afceb89e7c659 -> 
  custom:AudioImporter_EditorPlatform: d09bf68614088b80899f8185d706f6e7 -> 
  custom:video-encoder-webm-vp8: eb34c28f22e8b96e1ab97ce403110664 -> 
  custom:audio-decoder-ogg-vorbis: bf7c407c2cedff20999df2af8eb42d56 -> 
  custom:audio-encoder-webm-vorbis: bf7c407c2cedff20999df2af8eb42d56 -> 
========================================================================
Received Import Request.
  Time since last request: 1302.792815 seconds.
  path: Assets/Sunny Land Forest Assets/Artwork/Environment/TileMap/tileset_0.asset
  artifactKey: Guid(dbb6be6c2a20fa94cb1669ade574b9b6) Importer(815301076,1909f56bfc062723c751e8b465ee728b)
Start importing Assets/Sunny Land Forest Assets/Artwork/Environment/TileMap/tileset_0.asset using Guid(dbb6be6c2a20fa94cb1669ade574b9b6) Importer(815301076,1909f56bfc062723c751e8b465ee728b)  -> (artifact id: 'd4c7895c581afd65beddef6c58170c5e') in 0.086256 seconds
Number of updated asset objects reloaded before import = 0
Number of asset objects unloaded after import = 3
========================================================================
Received Import Request.
  Time since last request: 0.000019 seconds.
  path: Assets/Sunny Land Forest Assets/Artwork/Environment/TileMap/tileset_48.asset
  artifactKey: Guid(7f70aa596e828d34fbb28abe5c65a0f7) Importer(815301076,1909f56bfc062723c751e8b465ee728b)
Start importing Assets/Sunny Land Forest Assets/Artwork/Environment/TileMap/tileset_48.asset using Guid(7f70aa596e828d34fbb28abe5c65a0f7) Importer(815301076,1909f56bfc062723c751e8b465ee728b)  -> (artifact id: 'f0ae8076fac343176319132f79c08ec6') in 0.016808 seconds
Number of updated asset objects reloaded before import = 0
Number of asset objects unloaded after import = 3
========================================================================
Received Import Request.
  Time since last request: 0.000027 seconds.
  path: Assets/Sunny Land Forest Assets/Artwork/Environment/TileMap/tileset_5.asset
  artifactKey: Guid(1e00b9b3eeeba0d49befa2892cb4f9af) Importer(815301076,1909f56bfc062723c751e8b465ee728b)
Start importing Assets/Sunny Land Forest Assets/Artwork/Environment/TileMap/tileset_5.asset using Guid(1e00b9b3eeeba0d49befa2892cb4f9af) Importer(815301076,1909f56bfc062723c751e8b465ee728b)  -> (artifact id: '2eb97038b659c9ae75f2b5818852774f') in 0.016890 seconds
Number of updated asset objects reloaded before import = 0
Number of asset objects unloaded after import = 3
========================================================================
Received Import Request.
  Time since last request: 0.000014 seconds.
  path: Assets/Sunny Land Forest Assets/Artwork/Environment/TileMap/tileset_18.asset
  artifactKey: Guid(14a383054a54a0347b92c5d0de754ee8) Importer(815301076,1909f56bfc062723c751e8b465ee728b)
Start importing Assets/Sunny Land Forest Assets/Artwork/Environment/TileMap/tileset_18.asset using Guid(14a383054a54a0347b92c5d0de754ee8) Importer(815301076,1909f56bfc062723c751e8b465ee728b)  -> (artifact id: '0267f6d83f8130f58a47da990aa75fe3') in 0.016100 seconds
Number of updated asset objects reloaded before import = 0
Number of asset objects unloaded after import = 3
========================================================================
Received Import Request.
  Time since last request: 0.000013 seconds.
  path: Assets/Sunny Land Forest Assets/Artwork/Environment/TileMap/tileset_54.asset
  artifactKey: Guid(3c253e31e39c18e489a80927125d1b4a) Importer(815301076,1909f56bfc062723c751e8b465ee728b)
Start importing Assets/Sunny Land Forest Assets/Artwork/Environment/TileMap/tileset_54.asset using Guid(3c253e31e39c18e489a80927125d1b4a) Importer(815301076,1909f56bfc062723c751e8b465ee728b)  -> (artifact id: '107291af15a33d9cbd80e597b575ef97') in 0.017108 seconds
Number of updated asset objects reloaded before import = 0
Number of asset objects unloaded after import = 3
========================================================================
Received Import Request.
  Time since last request: 0.000023 seconds.
  path: Assets/Sunny Land Forest Assets/Artwork/Environment/TileMap/tileset_67.asset
  artifactKey: Guid(509db03beea3e42478c78913161ba0f0) Importer(815301076,1909f56bfc062723c751e8b465ee728b)
Start importing Assets/Sunny Land Forest Assets/Artwork/Environment/TileMap/tileset_67.asset using Guid(509db03beea3e42478c78913161ba0f0) Importer(815301076,1909f56bfc062723c751e8b465ee728b)  -> (artifact id: '28e5d1cd8ee5834f673eda2238506397') in 0.013260 seconds
Number of updated asset objects reloaded before import = 0
Number of asset objects unloaded after import = 3
========================================================================
Received Import Request.
  Time since last request: 0.000015 seconds.
  path: Assets/Sunny Land Forest Assets/Artwork/Environment/TileMap/tileset_47.asset
  artifactKey: Guid(888bfe32a61c7a84490ddca5a5d2a454) Importer(815301076,1909f56bfc062723c751e8b465ee728b)
Start importing Assets/Sunny Land Forest Assets/Artwork/Environment/TileMap/tileset_47.asset using Guid(888bfe32a61c7a84490ddca5a5d2a454) Importer(815301076,1909f56bfc062723c751e8b465ee728b)  -> (artifact id: '5ae1860a67aa6be5ec092cbc86a210b1') in 0.016993 seconds
Number of updated asset objects reloaded before import = 0
Number of asset objects unloaded after import = 3
========================================================================
Received Import Request.
  Time since last request: 0.000016 seconds.
  path: Assets/Sunny Land Forest Assets/Artwork/Environment/TileMap/tileset_66.asset
  artifactKey: Guid(0785ee3cba5cefd4ba441351d2a14b3b) Importer(815301076,1909f56bfc062723c751e8b465ee728b)
Start importing Assets/Sunny Land Forest Assets/Artwork/Environment/TileMap/tileset_66.asset using Guid(0785ee3cba5cefd4ba441351d2a14b3b) Importer(815301076,1909f56bfc062723c751e8b465ee728b)  -> (artifact id: '3fd8c3a1ca5469e76c1897681503307b') in 0.016204 seconds
Number of updated asset objects reloaded before import = 0
Number of asset objects unloaded after import = 3
========================================================================
Received Import Request.
  Time since last request: 0.000054 seconds.
  path: Assets/Sunny Land Forest Assets/Artwork/Environment/TileMap/tileset_33.asset
  artifactKey: Guid(828bda23e3d2c0c43809c3d21fddfdab) Importer(815301076,1909f56bfc062723c751e8b465ee728b)
Start importing Assets/Sunny Land Forest Assets/Artwork/Environment/TileMap/tileset_33.asset using Guid(828bda23e3d2c0c43809c3d21fddfdab) Importer(815301076,1909f56bfc062723c751e8b465ee728b)  -> (artifact id: '7dc8128ba71a867da9001b738f79d567') in 0.016484 seconds
Number of updated asset objects reloaded before import = 0
Number of asset objects unloaded after import = 3
========================================================================
Received Import Request.
  Time since last request: 0.000014 seconds.
  path: Assets/Sunny Land Forest Assets/Artwork/Environment/TileMap/tileset_56.asset
  artifactKey: Guid(8f215db80b5ea574c8cf75c05c5fcda6) Importer(815301076,1909f56bfc062723c751e8b465ee728b)
Start importing Assets/Sunny Land Forest Assets/Artwork/Environment/TileMap/tileset_56.asset using Guid(8f215db80b5ea574c8cf75c05c5fcda6) Importer(815301076,1909f56bfc062723c751e8b465ee728b)  -> (artifact id: 'bd2028bd4e672ed843231d7760203fca') in 0.015279 seconds
Number of updated asset objects reloaded before import = 0
Number of asset objects unloaded after import = 3
========================================================================
Received Import Request.
  Time since last request: 0.000015 seconds.
  path: Assets/Sunny Land Forest Assets/Artwork/Environment/TileMap/tileset_68.asset
  artifactKey: Guid(7a1aac5a3423575438c9a1a46816f67a) Importer(815301076,1909f56bfc062723c751e8b465ee728b)
Start importing Assets/Sunny Land Forest Assets/Artwork/Environment/TileMap/tileset_68.asset using Guid(7a1aac5a3423575438c9a1a46816f67a) Importer(815301076,1909f56bfc062723c751e8b465ee728b)  -> (artifact id: 'addfe9c960e8b81cbcc9d07a77bb21a9') in 0.016258 seconds
Number of updated asset objects reloaded before import = 0
Number of asset objects unloaded after import = 3
========================================================================
Received Import Request.
  Time since last request: 0.000018 seconds.
  path: Assets/Sunny Land Forest Assets/Artwork/Environment/TileMap/tileset_72.asset
  artifactKey: Guid(0683cd687ab76ab4387701167668e3d0) Importer(815301076,1909f56bfc062723c751e8b465ee728b)
Start importing Assets/Sunny Land Forest Assets/Artwork/Environment/TileMap/tileset_72.asset using Guid(0683cd687ab76ab4387701167668e3d0) Importer(815301076,1909f56bfc062723c751e8b465ee728b)  -> (artifact id: 'f38a4ad4019361f3430f2faa3de7c38f') in 0.013515 seconds
Number of updated asset objects reloaded before import = 0
Number of asset objects unloaded after import = 3
========================================================================
Received Import Request.
  Time since last request: 0.000012 seconds.
  path: Assets/Sunny Land Forest Assets/Artwork/Environment/TileMap/tileset_64.asset
  artifactKey: Guid(38be115c898da3142b769f1d475d8dca) Importer(815301076,1909f56bfc062723c751e8b465ee728b)
Start importing Assets/Sunny Land Forest Assets/Artwork/Environment/TileMap/tileset_64.asset using Guid(38be115c898da3142b769f1d475d8dca) Importer(815301076,1909f56bfc062723c751e8b465ee728b)  -> (artifact id: '9cfb4fc563896145db255c665bba041f') in 0.013441 seconds
Number of updated asset objects reloaded before import = 0
Number of asset objects unloaded after import = 3
========================================================================
Received Import Request.
  Time since last request: 0.000021 seconds.
  path: Assets/Sunny Land Forest Assets/Artwork/Environment/TileMap/tileset_20.asset
  artifactKey: Guid(5dac8b1515dc74b4b93e253a06ae4cf7) Importer(815301076,1909f56bfc062723c751e8b465ee728b)
Start importing Assets/Sunny Land Forest Assets/Artwork/Environment/TileMap/tileset_20.asset using Guid(5dac8b1515dc74b4b93e253a06ae4cf7) Importer(815301076,1909f56bfc062723c751e8b465ee728b)  -> (artifact id: '75a438a4560d165338984544ee85dfa7') in 0.013349 seconds
Number of updated asset objects reloaded before import = 0
Number of asset objects unloaded after import = 3
========================================================================
Received Import Request.
  Time since last request: 0.000015 seconds.
  path: Assets/Sunny Land Forest Assets/Artwork/Environment/TileMap/tileset_59.asset
  artifactKey: Guid(9251f0a254ec08f44a582c811bc833a9) Importer(815301076,1909f56bfc062723c751e8b465ee728b)
Start importing Assets/Sunny Land Forest Assets/Artwork/Environment/TileMap/tileset_59.asset using Guid(9251f0a254ec08f44a582c811bc833a9) Importer(815301076,1909f56bfc062723c751e8b465ee728b)  -> (artifact id: 'af9ec8f32a77dc135e2ff833208f775e') in 0.014325 seconds
Number of updated asset objects reloaded before import = 0
Number of asset objects unloaded after import = 3
========================================================================
Received Import Request.
  Time since last request: 0.000016 seconds.
  path: Assets/Sunny Land Forest Assets/Artwork/Environment/TileMap/tileset_25.asset
  artifactKey: Guid(cf1d3f7f8d60bf74d865caee1036bffc) Importer(815301076,1909f56bfc062723c751e8b465ee728b)
Start importing Assets/Sunny Land Forest Assets/Artwork/Environment/TileMap/tileset_25.asset using Guid(cf1d3f7f8d60bf74d865caee1036bffc) Importer(815301076,1909f56bfc062723c751e8b465ee728b)  -> (artifact id: 'dff632f99edb41b47f36174f98045d23') in 0.015131 seconds
Number of updated asset objects reloaded before import = 0
Number of asset objects unloaded after import = 3
========================================================================
Received Import Request.
  Time since last request: 0.000020 seconds.
  path: Assets/Sunny Land Forest Assets/Artwork/Environment/TileMap/tileset_70.asset
  artifactKey: Guid(b9418bd249690e449a81aa1056fd0eac) Importer(815301076,1909f56bfc062723c751e8b465ee728b)
Start importing Assets/Sunny Land Forest Assets/Artwork/Environment/TileMap/tileset_70.asset using Guid(b9418bd249690e449a81aa1056fd0eac) Importer(815301076,1909f56bfc062723c751e8b465ee728b)  -> (artifact id: '5e62e9e677cfd196524183f278692b7a') in 0.014435 seconds
Number of updated asset objects reloaded before import = 0
Number of asset objects unloaded after import = 3
========================================================================
Received Import Request.
  Time since last request: 0.000013 seconds.
  path: Assets/Sunny Land Forest Assets/Artwork/Environment/TileMap/tileset_21.asset
  artifactKey: Guid(b5567dcd9c916874193af9a74b72a3c8) Importer(815301076,1909f56bfc062723c751e8b465ee728b)
Start importing Assets/Sunny Land Forest Assets/Artwork/Environment/TileMap/tileset_21.asset using Guid(b5567dcd9c916874193af9a74b72a3c8) Importer(815301076,1909f56bfc062723c751e8b465ee728b)  -> (artifact id: 'afaf667353ec673e0c7f1b3f5eadd4d8') in 0.014245 seconds
Number of updated asset objects reloaded before import = 0
Number of asset objects unloaded after import = 3
========================================================================
Received Import Request.
  Time since last request: 0.000014 seconds.
  path: Assets/Sunny Land Forest Assets/Artwork/Environment/TileMap/tileset_24.asset
  artifactKey: Guid(d9512b3e315fd044ca56e8f31415da5f) Importer(815301076,1909f56bfc062723c751e8b465ee728b)
Start importing Assets/Sunny Land Forest Assets/Artwork/Environment/TileMap/tileset_24.asset using Guid(d9512b3e315fd044ca56e8f31415da5f) Importer(815301076,1909f56bfc062723c751e8b465ee728b)  -> (artifact id: 'd9e51c4cbe9828a4f8b52d663cabaa5c') in 0.012281 seconds
Number of updated asset objects reloaded before import = 0
Number of asset objects unloaded after import = 3
========================================================================
Received Import Request.
  Time since last request: 0.000016 seconds.
  path: Assets/Sunny Land Forest Assets/Artwork/Environment/TileMap/tileset_36.asset
  artifactKey: Guid(ac086ae705392fb4fadff28770c193f2) Importer(815301076,1909f56bfc062723c751e8b465ee728b)
Start importing Assets/Sunny Land Forest Assets/Artwork/Environment/TileMap/tileset_36.asset using Guid(ac086ae705392fb4fadff28770c193f2) Importer(815301076,1909f56bfc062723c751e8b465ee728b)  -> (artifact id: 'a2b18116c203f61a0d1541855ad86734') in 0.013553 seconds
Number of updated asset objects reloaded before import = 0
Number of asset objects unloaded after import = 3
========================================================================
Received Import Request.
  Time since last request: 0.000016 seconds.
  path: Assets/Sunny Land Forest Assets/Artwork/Environment/TileMap/tileset_22.asset
  artifactKey: Guid(9595f96d6c1229d4584677026af8b491) Importer(815301076,1909f56bfc062723c751e8b465ee728b)
Start importing Assets/Sunny Land Forest Assets/Artwork/Environment/TileMap/tileset_22.asset using Guid(9595f96d6c1229d4584677026af8b491) Importer(815301076,1909f56bfc062723c751e8b465ee728b)  -> (artifact id: '136cb432930a741f25301ed6e1fec4d0') in 0.013512 seconds
Number of updated asset objects reloaded before import = 0
Number of asset objects unloaded after import = 3
========================================================================
Received Import Request.
  Time since last request: 0.000016 seconds.
  path: Assets/Sunny Land Forest Assets/Artwork/Environment/TileMap/tileset_51.asset
  artifactKey: Guid(fc9d0da99e829fe4fbdd237f29697119) Importer(815301076,1909f56bfc062723c751e8b465ee728b)
Start importing Assets/Sunny Land Forest Assets/Artwork/Environment/TileMap/tileset_51.asset using Guid(fc9d0da99e829fe4fbdd237f29697119) Importer(815301076,1909f56bfc062723c751e8b465ee728b)  -> (artifact id: 'f314d525667c21c77154dee85fa25f5f') in 0.013050 seconds
Number of updated asset objects reloaded before import = 0
Number of asset objects unloaded after import = 3
========================================================================
Received Import Request.
  Time since last request: 0.000016 seconds.
  path: Assets/Sunny Land Forest Assets/Artwork/Environment/TileMap/tileset_63.asset
  artifactKey: Guid(e72282a00762d6a4a9afdc5dfe50f849) Importer(815301076,1909f56bfc062723c751e8b465ee728b)
Start importing Assets/Sunny Land Forest Assets/Artwork/Environment/TileMap/tileset_63.asset using Guid(e72282a00762d6a4a9afdc5dfe50f849) Importer(815301076,1909f56bfc062723c751e8b465ee728b)  -> (artifact id: '4233664422281ffef9cebb43f5aed7e8') in 0.011746 seconds
Number of updated asset objects reloaded before import = 0
Number of asset objects unloaded after import = 3
========================================================================
Received Import Request.
  Time since last request: 0.000014 seconds.
  path: Assets/Sunny Land Forest Assets/Artwork/Environment/TileMap/tileset_44.asset
  artifactKey: Guid(7964893a0905f4941bb15b22357f65cf) Importer(815301076,1909f56bfc062723c751e8b465ee728b)
Start importing Assets/Sunny Land Forest Assets/Artwork/Environment/TileMap/tileset_44.asset using Guid(7964893a0905f4941bb15b22357f65cf) Importer(815301076,1909f56bfc062723c751e8b465ee728b)  -> (artifact id: '63ec52ba9b15daea41770ddd8b261bab') in 0.014930 seconds
Number of updated asset objects reloaded before import = 0
Number of asset objects unloaded after import = 3
========================================================================
Received Import Request.
  Time since last request: 0.000014 seconds.
  path: Assets/Sunny Land Forest Assets/Artwork/Environment/TileMap/tileset_3.asset
  artifactKey: Guid(d26a0b2ead3be7840a115cd0b07dd933) Importer(815301076,1909f56bfc062723c751e8b465ee728b)
Start importing Assets/Sunny Land Forest Assets/Artwork/Environment/TileMap/tileset_3.asset using Guid(d26a0b2ead3be7840a115cd0b07dd933) Importer(815301076,1909f56bfc062723c751e8b465ee728b)  -> (artifact id: '933562ab1ea2a0c095852211f0e13751') in 0.021319 seconds
Number of updated asset objects reloaded before import = 0
Number of asset objects unloaded after import = 3
========================================================================
Received Import Request.
  Time since last request: 0.000016 seconds.
  path: Assets/Sunny Land Forest Assets/Artwork/Environment/TileMap/tileset_46.asset
  artifactKey: Guid(b9cdb9ef37a28864ebd1fcd4a1fdc1f9) Importer(815301076,1909f56bfc062723c751e8b465ee728b)
Start importing Assets/Sunny Land Forest Assets/Artwork/Environment/TileMap/tileset_46.asset using Guid(b9cdb9ef37a28864ebd1fcd4a1fdc1f9) Importer(815301076,1909f56bfc062723c751e8b465ee728b)  -> (artifact id: '7f4b40b2bdf5670a4f8eae7ce2e51fdc') in 0.014638 seconds
Number of updated asset objects reloaded before import = 0
Number of asset objects unloaded after import = 3
========================================================================
Received Import Request.
  Time since last request: 0.000014 seconds.
  path: Assets/Sunny Land Forest Assets/Artwork/Environment/TileMap/tileset_15.asset
  artifactKey: Guid(5290b6f710a458e4c8b7f16691badb94) Importer(815301076,1909f56bfc062723c751e8b465ee728b)
Start importing Assets/Sunny Land Forest Assets/Artwork/Environment/TileMap/tileset_15.asset using Guid(5290b6f710a458e4c8b7f16691badb94) Importer(815301076,1909f56bfc062723c751e8b465ee728b)  -> (artifact id: '52600c06630a3224de71958c175743a8') in 0.015220 seconds
Number of updated asset objects reloaded before import = 0
Number of asset objects unloaded after import = 3
========================================================================
Received Import Request.
  Time since last request: 0.000015 seconds.
  path: Assets/Sunny Land Forest Assets/Artwork/Environment/TileMap/tileset_69.asset
  artifactKey: Guid(1793afe17a8d007439ca28b929558ca3) Importer(815301076,1909f56bfc062723c751e8b465ee728b)
Start importing Assets/Sunny Land Forest Assets/Artwork/Environment/TileMap/tileset_69.asset using Guid(1793afe17a8d007439ca28b929558ca3) Importer(815301076,1909f56bfc062723c751e8b465ee728b)  -> (artifact id: '2edb9ad0d9a19ecdd669e2cbe0202057') in 0.015343 seconds
Number of updated asset objects reloaded before import = 0
Number of asset objects unloaded after import = 3
========================================================================
Received Import Request.
  Time since last request: 0.000017 seconds.
  path: Assets/Sunny Land Forest Assets/Artwork/Environment/TileMap/tileset_62.asset
  artifactKey: Guid(b5e088fb4b8a7d146b930aed63dbd975) Importer(815301076,1909f56bfc062723c751e8b465ee728b)
Start importing Assets/Sunny Land Forest Assets/Artwork/Environment/TileMap/tileset_62.asset using Guid(b5e088fb4b8a7d146b930aed63dbd975) Importer(815301076,1909f56bfc062723c751e8b465ee728b)  -> (artifact id: '8cf420e0c09045d213934b0c9ef8e875') in 0.016329 seconds
Number of updated asset objects reloaded before import = 0
Number of asset objects unloaded after import = 3
========================================================================
Received Import Request.
  Time since last request: 0.000017 seconds.
  path: Assets/Sunny Land Forest Assets/Artwork/Environment/TileMap/tileset_40.asset
  artifactKey: Guid(cb07322872d4bc541bf3e393a79a079e) Importer(815301076,1909f56bfc062723c751e8b465ee728b)
Start importing Assets/Sunny Land Forest Assets/Artwork/Environment/TileMap/tileset_40.asset using Guid(cb07322872d4bc541bf3e393a79a079e) Importer(815301076,1909f56bfc062723c751e8b465ee728b)  -> (artifact id: '52d324c72ab7576334e2d348af9f1631') in 0.014851 seconds
Number of updated asset objects reloaded before import = 0
Number of asset objects unloaded after import = 3
========================================================================
Received Import Request.
  Time since last request: 0.000018 seconds.
  path: Assets/Sunny Land Forest Assets/Artwork/Environment/TileMap/tileset_55.asset
  artifactKey: Guid(548e63c2afdb7ed4981e97f6674055f8) Importer(815301076,1909f56bfc062723c751e8b465ee728b)
Start importing Assets/Sunny Land Forest Assets/Artwork/Environment/TileMap/tileset_55.asset using Guid(548e63c2afdb7ed4981e97f6674055f8) Importer(815301076,1909f56bfc062723c751e8b465ee728b)  -> (artifact id: 'e2e7f0e2335ba3bbe1ec069679931c1d') in 0.015083 seconds
Number of updated asset objects reloaded before import = 0
Number of asset objects unloaded after import = 3
========================================================================
Received Import Request.
  Time since last request: 0.000024 seconds.
  path: Assets/Sunny Land Forest Assets/Artwork/Environment/TileMap/tileset_42.asset
  artifactKey: Guid(867c9725a7741f54ab7781b6ba598d99) Importer(815301076,1909f56bfc062723c751e8b465ee728b)
Start importing Assets/Sunny Land Forest Assets/Artwork/Environment/TileMap/tileset_42.asset using Guid(867c9725a7741f54ab7781b6ba598d99) Importer(815301076,1909f56bfc062723c751e8b465ee728b)  -> (artifact id: 'b840995146e4626f42223cce45bb9bc2') in 0.015842 seconds
Number of updated asset objects reloaded before import = 0
Number of asset objects unloaded after import = 3
========================================================================
Received Import Request.
  Time since last request: 0.000018 seconds.
  path: Assets/Sunny Land Forest Assets/Artwork/Environment/TileMap/tileset_28.asset
  artifactKey: Guid(9f45b4694f261ca4f853986e02e4c93c) Importer(815301076,1909f56bfc062723c751e8b465ee728b)
Start importing Assets/Sunny Land Forest Assets/Artwork/Environment/TileMap/tileset_28.asset using Guid(9f45b4694f261ca4f853986e02e4c93c) Importer(815301076,1909f56bfc062723c751e8b465ee728b)  -> (artifact id: 'c09df5e6fc3046dada30443fd25be36d') in 0.015559 seconds
Number of updated asset objects reloaded before import = 0
Number of asset objects unloaded after import = 3
========================================================================
Received Import Request.
  Time since last request: 10.191205 seconds.
  path: Assets/Sunny Land Forest Assets/Artwork/Environment/TileMap/tileset_75.asset
  artifactKey: Guid(6b80e9a8490800e4fa67a87b241d6d69) Importer(815301076,1909f56bfc062723c751e8b465ee728b)
Start importing Assets/Sunny Land Forest Assets/Artwork/Environment/TileMap/tileset_75.asset using Guid(6b80e9a8490800e4fa67a87b241d6d69) Importer(815301076,1909f56bfc062723c751e8b465ee728b)  -> (artifact id: '2aba70baa8e44a57219f81632720d84d') in 0.022028 seconds
Number of updated asset objects reloaded before import = 0
Number of asset objects unloaded after import = 3
========================================================================
Received Import Request.
  Time since last request: 0.000019 seconds.
  path: Assets/Sunny Land Forest Assets/Artwork/Environment/TileMap/tileset_85.asset
  artifactKey: Guid(2430d91b3513ff24696d41ca4c5b02ec) Importer(815301076,1909f56bfc062723c751e8b465ee728b)
Start importing Assets/Sunny Land Forest Assets/Artwork/Environment/TileMap/tileset_85.asset using Guid(2430d91b3513ff24696d41ca4c5b02ec) Importer(815301076,1909f56bfc062723c751e8b465ee728b)  -> (artifact id: '10205b92e04c960351a018932c90bb01') in 0.014708 seconds
Number of updated asset objects reloaded before import = 0
Number of asset objects unloaded after import = 3
========================================================================
Received Import Request.
  Time since last request: 0.000015 seconds.
  path: Assets/Sunny Land Forest Assets/Artwork/Environment/TileMap/tileset_79.asset
  artifactKey: Guid(f677811220f9a9447b826adf882a45ad) Importer(815301076,1909f56bfc062723c751e8b465ee728b)
Start importing Assets/Sunny Land Forest Assets/Artwork/Environment/TileMap/tileset_79.asset using Guid(f677811220f9a9447b826adf882a45ad) Importer(815301076,1909f56bfc062723c751e8b465ee728b)  -> (artifact id: 'a90b69adea99e32651d5888887e19d32') in 0.015357 seconds
Number of updated asset objects reloaded before import = 0
Number of asset objects unloaded after import = 3
========================================================================
Received Import Request.
  Time since last request: 0.000017 seconds.
  path: Assets/Sunny Land Forest Assets/Artwork/Environment/TileMap/tileset_83.asset
  artifactKey: Guid(1b3d509b7442f4a438977565fef24ade) Importer(815301076,1909f56bfc062723c751e8b465ee728b)
Start importing Assets/Sunny Land Forest Assets/Artwork/Environment/TileMap/tileset_83.asset using Guid(1b3d509b7442f4a438977565fef24ade) Importer(815301076,1909f56bfc062723c751e8b465ee728b)  -> (artifact id: 'b36f619cc1fc7aad272213b4fa505b3e') in 0.015528 seconds
Number of updated asset objects reloaded before import = 0
Number of asset objects unloaded after import = 3
========================================================================
Received Import Request.
  Time since last request: 0.000026 seconds.
  path: Assets/Sunny Land Forest Assets/Artwork/Environment/TileMap/tileset_88.asset
  artifactKey: Guid(e2effa53aa84fa447ac4b89b406979f7) Importer(815301076,1909f56bfc062723c751e8b465ee728b)
Start importing Assets/Sunny Land Forest Assets/Artwork/Environment/TileMap/tileset_88.asset using Guid(e2effa53aa84fa447ac4b89b406979f7) Importer(815301076,1909f56bfc062723c751e8b465ee728b)  -> (artifact id: 'dfb9c932fc112a671912f77269c06092') in 0.018461 seconds
Number of updated asset objects reloaded before import = 0
Number of asset objects unloaded after import = 3
========================================================================
Received Import Request.
  Time since last request: 0.000014 seconds.
  path: Assets/Sunny Land Forest Assets/Artwork/Environment/TileMap/tileset_93.asset
  artifactKey: Guid(a0c4376f9989c5f4e9d30d88f9bd35de) Importer(815301076,1909f56bfc062723c751e8b465ee728b)
Start importing Assets/Sunny Land Forest Assets/Artwork/Environment/TileMap/tileset_93.asset using Guid(a0c4376f9989c5f4e9d30d88f9bd35de) Importer(815301076,1909f56bfc062723c751e8b465ee728b)  -> (artifact id: 'e5d985b589b22ad9817ba6d9751b956f') in 0.012794 seconds
Number of updated asset objects reloaded before import = 0
Number of asset objects unloaded after import = 3
========================================================================
Received Import Request.
  Time since last request: 0.000018 seconds.
  path: Assets/Sunny Land Forest Assets/Artwork/Environment/TileMap/tileset_91.asset
  artifactKey: Guid(cb9f9e4c66293c847aa2be7167755dac) Importer(815301076,1909f56bfc062723c751e8b465ee728b)
Start importing Assets/Sunny Land Forest Assets/Artwork/Environment/TileMap/tileset_91.asset using Guid(cb9f9e4c66293c847aa2be7167755dac) Importer(815301076,1909f56bfc062723c751e8b465ee728b)  -> (artifact id: '6c57292d450bc7793137f353c69bc1e3') in 0.019389 seconds
Number of updated asset objects reloaded before import = 0
Number of asset objects unloaded after import = 3
========================================================================
Received Import Request.
  Time since last request: 0.000016 seconds.
  path: Assets/Sunny Land Forest Assets/Artwork/Environment/TileMap/tileset_101.asset
  artifactKey: Guid(99e1634e410d0984ba1dba32d79176e9) Importer(815301076,1909f56bfc062723c751e8b465ee728b)
Start importing Assets/Sunny Land Forest Assets/Artwork/Environment/TileMap/tileset_101.asset using Guid(99e1634e410d0984ba1dba32d79176e9) Importer(815301076,1909f56bfc062723c751e8b465ee728b)  -> (artifact id: 'b64a03bba0caa20a8b5b8421fa44b83d') in 0.014468 seconds
Number of updated asset objects reloaded before import = 0
Number of asset objects unloaded after import = 3
========================================================================
Received Import Request.
  Time since last request: 0.000016 seconds.
  path: Assets/Sunny Land Forest Assets/Artwork/Environment/TileMap/tileset_105.asset
  artifactKey: Guid(e5b299355e294b040a2f9374b2fa5c67) Importer(815301076,1909f56bfc062723c751e8b465ee728b)
Start importing Assets/Sunny Land Forest Assets/Artwork/Environment/TileMap/tileset_105.asset using Guid(e5b299355e294b040a2f9374b2fa5c67) Importer(815301076,1909f56bfc062723c751e8b465ee728b)  -> (artifact id: '4612a33b3994e966cac57365415a76a3') in 0.013730 seconds
Number of updated asset objects reloaded before import = 0
Number of asset objects unloaded after import = 3
========================================================================
Received Import Request.
  Time since last request: 1.832566 seconds.
  path: Assets/Sunny Land Forest Assets/Artwork/Environment/props/mushroom-red.png
  artifactKey: Guid(6c7eac1744b6b4e10b3f1c98b84d5dbb) Importer(815301076,1909f56bfc062723c751e8b465ee728b)
Start importing Assets/Sunny Land Forest Assets/Artwork/Environment/props/mushroom-red.png using Guid(6c7eac1744b6b4e10b3f1c98b84d5dbb) Importer(815301076,1909f56bfc062723c751e8b465ee728b)  -> (artifact id: '267867e12c753b38343e77061c409e8c') in 0.042652 seconds
Number of updated asset objects reloaded before import = 0
Number of asset objects unloaded after import = 3
========================================================================
Received Prepare
Begin MonoManager ReloadAssembly
- Loaded All Assemblies, in  0.381 seconds
Refreshing native plugins compatible for Editor in 4.15 ms, found 4 plugins.
Native extension for WindowsStandalone target not found
Native extension for WebGL target not found
Mono: successfully reloaded assembly
- Finished resetting the current domain, in  0.889 seconds
Domain Reload Profiling: 1267ms
	BeginReloadAssembly (127ms)
		ExecutionOrderSort (0ms)
		DisableScriptedObjects (8ms)
		BackupInstance (0ms)
		ReleaseScriptingObjects (0ms)
		CreateAndSetChildDomain (28ms)
	RebuildCommonClasses (22ms)
	RebuildNativeTypeToScriptingClass (7ms)
	initialDomainReloadingComplete (25ms)
	LoadAllAssembliesAndSetupDomain (195ms)
		LoadAssemblies (251ms)
		RebuildTransferFunctionScriptingTraits (0ms)
		AnalyzeDomain (10ms)
			TypeCache.Refresh (6ms)
				TypeCache.ScanAssembly (0ms)
			ScanForSourceGeneratedMonoScriptInfo (0ms)
			ResolveRequiredComponents (3ms)
	FinalizeReload (890ms)
		ReleaseScriptCaches (0ms)
		RebuildScriptCaches (0ms)
		SetupLoadedEditorAssemblies (331ms)
			LogAssemblyErrors (0ms)
			InitializePlatformSupportModulesInManaged (6ms)
			SetLoadedEditorAssemblies (4ms)
			RefreshPlugins (0ms)
			BeforeProcessingInitializeOnLoad (62ms)
			ProcessInitializeOnLoadAttributes (232ms)
			ProcessInitializeOnLoadMethodAttributes (22ms)
			AfterProcessingInitializeOnLoad (5ms)
			EditorAssembliesLoaded (0ms)
		ExecutionOrderSort2 (0ms)
		AwakeInstancesAfterBackupRestoration (11ms)
Refreshing native plugins compatible for Editor in 6.08 ms, found 4 plugins.
Preloading 0 native plugins for Editor in 0.00 ms.
Unloading 4170 Unused Serialized files (Serialized files now loaded: 0)
Unloading 38 unused Assets / (35.2 KB). Loaded Objects now: 4660.
Memory consumption went from 151.5 MB to 151.5 MB.
Total: 2.289500 ms (FindLiveObjects: 0.183500 ms CreateObjectMapping: 0.100000 ms MarkObjects: 1.960800 ms  DeleteObjects: 0.044500 ms)

Prepare: number of updated asset objects reloaded= 0
AssetImportParameters requested are different than current active one (requested -> active):
  custom:container-demuxer-ogg: 62fdf1f143b41e24485cea50d1cbac27 -> 
  custom:video-decoder-ogg-theora: a1e56fd34408186e4bbccfd4996cb3dc -> 
  custom:framework-win-MediaFoundation: 216162199b28c13a410421893ffa2e32 -> 
  custom:CustomObjectIndexerAttribute: 6d391050e5a25f67b0a2c618074f2cd9 -> 
  custom:container-demuxer-webm: 4f35f7cbe854078d1ac9338744f61a02 -> 
  custom:container-muxer-webm: aa71ff27fc2769a1b78a27578f13a17b -> 
  custom:video-decoder-webm-vp8: 9c59270c3fd7afecdb556c50c9e8de78 -> 
  custom:SearchIndexIgnoredProperties: e643bd26f0fe6173181afceb89e7c659 -> 
  custom:AudioImporter_EditorPlatform: d09bf68614088b80899f8185d706f6e7 -> 
  custom:video-encoder-webm-vp8: eb34c28f22e8b96e1ab97ce403110664 -> 
  custom:audio-decoder-ogg-vorbis: bf7c407c2cedff20999df2af8eb42d56 -> 
  custom:audio-encoder-webm-vorbis: bf7c407c2cedff20999df2af8eb42d56 -> 
Editor requested this worker to shutdown with reason: Scaling down because of idle timeout
TcpMessagingSession - receive error: operation aborted. errorcode: 995, details: A operação de E/S foi anulada devido a uma saída de thread ou a uma requisição de aplicativo.
AssetImportWorker is now disconnected from the server
Process exiting
Exiting without the bug reporter. Application will terminate with return code 0