Using pre-set license
Built from '2022.3/staging' branch; Version is '2022.3.17f1 (4fc78088f837) revision 5228416'; Using compiler version '192829333'; Build Type 'Release'
OS: 'Windows 11  (10.0.26200) 64bit Professional' Language: 'pt' Physical Memory: 16105 MB
BatchMode: 1, IsHumanControllingUs: 0, StartBugReporterOnCrash: 0, Is64bit: 1, IsPro: 1

COMMAND LINE ARGUMENTS:
C:\Program Files\Unity\Hub\Editor\2022.3.17f1\Editor\Unity.exe
-adb2
-batchMode
-noUpm
-name
AssetImportWorker2
-projectPath
C:/Users/aluno.unilasalle/Documents/GitHub/Jogo-Abisurdo-2d/My project (14)
-logFile
Logs/AssetImportWorker2.log
-srvPort
61642
Successfully changed project path to: C:/Users/aluno.unilasalle/Documents/GitHub/Jogo-Abisurdo-2d/My project (14)
C:/Users/aluno.unilasalle/Documents/GitHub/Jogo-Abisurdo-2d/My project (14)
[UnityMemory] Configuration Parameters - Can be set up in boot.config
    "memorysetup-bucket-allocator-granularity=16"
    "memorysetup-bucket-allocator-bucket-count=8"
    "memorysetup-bucket-allocator-block-size=33554432"
    "memorysetup-bucket-allocator-block-count=8"
    "memorysetup-main-allocator-block-size=16777216"
    "memorysetup-thread-allocator-block-size=16777216"
    "memorysetup-gfx-main-allocator-block-size=16777216"
    "memorysetup-gfx-thread-allocator-block-size=16777216"
    "memorysetup-cache-allocator-block-size=4194304"
    "memorysetup-typetree-allocator-block-size=2097152"
    "memorysetup-profiler-bucket-allocator-granularity=16"
    "memorysetup-profiler-bucket-allocator-bucket-count=8"
    "memorysetup-profiler-bucket-allocator-block-size=33554432"
    "memorysetup-profiler-bucket-allocator-block-count=8"
    "memorysetup-profiler-allocator-block-size=16777216"
    "memorysetup-profiler-editor-allocator-block-size=1048576"
    "memorysetup-temp-allocator-size-main=16777216"
    "memorysetup-job-temp-allocator-block-size=2097152"
    "memorysetup-job-temp-allocator-block-size-background=1048576"
    "memorysetup-job-temp-allocator-reduction-small-platforms=262144"
    "memorysetup-allocator-temp-initial-block-size-main=262144"
    "memorysetup-allocator-temp-initial-block-size-worker=262144"
    "memorysetup-temp-allocator-size-background-worker=32768"
    "memorysetup-temp-allocator-size-job-worker=262144"
    "memorysetup-temp-allocator-size-preload-manager=33554432"
    "memorysetup-temp-allocator-size-nav-mesh-worker=65536"
    "memorysetup-temp-allocator-size-audio-worker=65536"
    "memorysetup-temp-allocator-size-cloud-worker=32768"
    "memorysetup-temp-allocator-size-gi-baking-worker=262144"
    "memorysetup-temp-allocator-size-gfx=262144"
Player connection [21872] Host "[IP] 10.10.5.239 [Port] 0 [Flags] 2 [Guid] 3660681789 [EditorId] 3660681789 [Version] 1048832 [Id] WindowsEditor(7,LB113UNI) [Debug] 1 [PackageName] WindowsEditor [ProjectName] Editor" joined multi-casting on [225.0.0.222:54997]...

Player connection [21872] Host "[IP] 10.10.5.239 [Port] 0 [Flags] 2 [Guid] 3660681789 [EditorId] 3660681789 [Version] 1048832 [Id] WindowsEditor(7,LB113UNI) [Debug] 1 [PackageName] WindowsEditor [ProjectName] Editor" joined alternative multi-casting on [225.0.0.222:34997]...

[Physics::Module] Initialized MultithreadedJobDispatcher with 19 workers.
Refreshing native plugins compatible for Editor in 11.33 ms, found 4 plugins.
Preloading 0 native plugins for Editor in 0.00 ms.
Initialize engine version: 2022.3.17f1 (4fc78088f837)
[Subsystems] Discovering subsystems at path C:/Program Files/Unity/Hub/Editor/2022.3.17f1/Editor/Data/Resources/UnitySubsystems
[Subsystems] Discovering subsystems at path C:/Users/aluno.unilasalle/Documents/GitHub/Jogo-Abisurdo-2d/My project (14)/Assets
GfxDevice: creating device client; threaded=0; jobified=0
Direct3D:
    Version:  Direct3D 11.0 [level 11.1]
    Renderer: NVIDIA GeForce GTX 1660 SUPER (ID=0x21c4)
    Vendor:   NVIDIA
    VRAM:     5966 MB
    Driver:   32.0.15.7683
Initialize mono
Mono path[0] = 'C:/Program Files/Unity/Hub/Editor/2022.3.17f1/Editor/Data/Managed'
Mono path[1] = 'C:/Program Files/Unity/Hub/Editor/2022.3.17f1/Editor/Data/MonoBleedingEdge/lib/mono/unityjit-win32'
Mono config path = 'C:/Program Files/Unity/Hub/Editor/2022.3.17f1/Editor/Data/MonoBleedingEdge/etc'
Using monoOptions --debugger-agent=transport=dt_socket,embedding=1,server=y,suspend=n,address=127.0.0.1:56048
Begin MonoManager ReloadAssembly
Registering precompiled unity dll's ...
Register platform support module: C:/Program Files/Unity/Hub/Editor/2022.3.17f1/Editor/Data/PlaybackEngines/WebGLSupport/UnityEditor.WebGL.Extensions.dll
Register platform support module: C:/Program Files/Unity/Hub/Editor/2022.3.17f1/Editor/Data/PlaybackEngines/WindowsStandaloneSupport/UnityEditor.WindowsStandalone.Extensions.dll
Registered in 0.005312 seconds.
- Loaded All Assemblies, in  0.226 seconds
Native extension for WindowsStandalone target not found
Native extension for WebGL target not found
Mono: successfully reloaded assembly
- Finished resetting the current domain, in  0.176 seconds
Domain Reload Profiling: 401ms
	BeginReloadAssembly (69ms)
		ExecutionOrderSort (0ms)
		DisableScriptedObjects (0ms)
		BackupInstance (0ms)
		ReleaseScriptingObjects (0ms)
		CreateAndSetChildDomain (1ms)
	RebuildCommonClasses (21ms)
	RebuildNativeTypeToScriptingClass (7ms)
	initialDomainReloadingComplete (40ms)
	LoadAllAssembliesAndSetupDomain (88ms)
		LoadAssemblies (68ms)
		RebuildTransferFunctionScriptingTraits (0ms)
		AnalyzeDomain (87ms)
			TypeCache.Refresh (86ms)
				TypeCache.ScanAssembly (77ms)
			ScanForSourceGeneratedMonoScriptInfo (0ms)
			ResolveRequiredComponents (0ms)
	FinalizeReload (176ms)
		ReleaseScriptCaches (0ms)
		RebuildScriptCaches (0ms)
		SetupLoadedEditorAssemblies (138ms)
			LogAssemblyErrors (0ms)
			InitializePlatformSupportModulesInManaged (7ms)
			SetLoadedEditorAssemblies (4ms)
			RefreshPlugins (0ms)
			BeforeProcessingInitializeOnLoad (1ms)
			ProcessInitializeOnLoadAttributes (96ms)
			ProcessInitializeOnLoadMethodAttributes (30ms)
			AfterProcessingInitializeOnLoad (0ms)
			EditorAssembliesLoaded (0ms)
		ExecutionOrderSort2 (0ms)
		AwakeInstancesAfterBackupRestoration (0ms)
========================================================================
Worker process is ready to serve import requests
Begin MonoManager ReloadAssembly
- Loaded All Assemblies, in  0.425 seconds
Refreshing native plugins compatible for Editor in 3.30 ms, found 4 plugins.
Native extension for WindowsStandalone target not found
Native extension for WebGL target not found
Mono: successfully reloaded assembly
- Finished resetting the current domain, in  0.395 seconds
Domain Reload Profiling: 818ms
	BeginReloadAssembly (95ms)
		ExecutionOrderSort (0ms)
		DisableScriptedObjects (3ms)
		BackupInstance (0ms)
		ReleaseScriptingObjects (0ms)
		CreateAndSetChildDomain (13ms)
	RebuildCommonClasses (21ms)
	RebuildNativeTypeToScriptingClass (6ms)
	initialDomainReloadingComplete (28ms)
	LoadAllAssembliesAndSetupDomain (272ms)
		LoadAssemblies (219ms)
		RebuildTransferFunctionScriptingTraits (0ms)
		AnalyzeDomain (108ms)
			TypeCache.Refresh (91ms)
				TypeCache.ScanAssembly (81ms)
			ScanForSourceGeneratedMonoScriptInfo (14ms)
			ResolveRequiredComponents (3ms)
	FinalizeReload (395ms)
		ReleaseScriptCaches (0ms)
		RebuildScriptCaches (0ms)
		SetupLoadedEditorAssemblies (297ms)
			LogAssemblyErrors (0ms)
			InitializePlatformSupportModulesInManaged (5ms)
			SetLoadedEditorAssemblies (2ms)
			RefreshPlugins (0ms)
			BeforeProcessingInitializeOnLoad (47ms)
			ProcessInitializeOnLoadAttributes (215ms)
			ProcessInitializeOnLoadMethodAttributes (24ms)
			AfterProcessingInitializeOnLoad (4ms)
			EditorAssembliesLoaded (0ms)
		ExecutionOrderSort2 (0ms)
		AwakeInstancesAfterBackupRestoration (4ms)
Launched and connected shader compiler UnityShaderCompiler.exe after 0.03 seconds
Refreshing native plugins compatible for Editor in 5.89 ms, found 4 plugins.
Preloading 0 native plugins for Editor in 0.00 ms.
Unloading 4182 Unused Serialized files (Serialized files now loaded: 0)
Unloading 66 unused Assets / (61.0 KB). Loaded Objects now: 4644.
Memory consumption went from 148.1 MB to 148.1 MB.
Total: 2.717000 ms (FindLiveObjects: 0.190900 ms CreateObjectMapping: 0.088100 ms MarkObjects: 2.341900 ms  DeleteObjects: 0.095500 ms)

AssetImportParameters requested are different than current active one (requested -> active):
  custom:container-demuxer-ogg: 62fdf1f143b41e24485cea50d1cbac27 -> 
  custom:video-decoder-ogg-theora: a1e56fd34408186e4bbccfd4996cb3dc -> 
  custom:framework-win-MediaFoundation: 216162199b28c13a410421893ffa2e32 -> 
  custom:CustomObjectIndexerAttribute: 6d391050e5a25f67b0a2c618074f2cd9 -> 
  custom:container-demuxer-webm: 4f35f7cbe854078d1ac9338744f61a02 -> 
  custom:container-muxer-webm: aa71ff27fc2769a1b78a27578f13a17b -> 
  custom:video-decoder-webm-vp8: 9c59270c3fd7afecdb556c50c9e8de78 -> 
  custom:SearchIndexIgnoredProperties: e643bd26f0fe6173181afceb89e7c659 -> 
  custom:AudioImporter_EditorPlatform: d09bf68614088b80899f8185d706f6e7 -> 
  custom:video-encoder-webm-vp8: eb34c28f22e8b96e1ab97ce403110664 -> 
  custom:audio-decoder-ogg-vorbis: bf7c407c2cedff20999df2af8eb42d56 -> 
  custom:audio-encoder-webm-vorbis: bf7c407c2cedff20999df2af8eb42d56 -> 
========================================================================
Received Import Request.
  Time since last request: 3028.211451 seconds.
  path: Assets/Sunny Land Forest Assets/Artwork/Environment/TileMap
  artifactKey: Guid(dc5af3c1fd4d8914a8956183756d77dc) Importer(815301076,1909f56bfc062723c751e8b465ee728b)
Start importing Assets/Sunny Land Forest Assets/Artwork/Environment/TileMap using Guid(dc5af3c1fd4d8914a8956183756d77dc) Importer(815301076,1909f56bfc062723c751e8b465ee728b)  -> (artifact id: '1f37687b3a2109d90a142d73e60b78c5') in 0.002709 seconds
Number of updated asset objects reloaded before import = 0
Number of asset objects unloaded after import = 0
========================================================================
Received Import Request.
  Time since last request: 0.181696 seconds.
  path: Assets/Sunny Land Forest Assets/Artwork/Environment/TileMap/tileset_0.asset
  artifactKey: Guid(dbb6be6c2a20fa94cb1669ade574b9b6) Importer(815301076,1909f56bfc062723c751e8b465ee728b)
Start importing Assets/Sunny Land Forest Assets/Artwork/Environment/TileMap/tileset_0.asset using Guid(dbb6be6c2a20fa94cb1669ade574b9b6) Importer(815301076,1909f56bfc062723c751e8b465ee728b)  -> (artifact id: 'd4c7895c581afd65beddef6c58170c5e') in 0.064163 seconds
Number of updated asset objects reloaded before import = 0
Number of asset objects unloaded after import = 3
========================================================================
Received Import Request.
  Time since last request: 0.000019 seconds.
  path: Assets/Sunny Land Forest Assets/Artwork/Environment/TileMap/tileset_18.asset
  artifactKey: Guid(14a383054a54a0347b92c5d0de754ee8) Importer(815301076,1909f56bfc062723c751e8b465ee728b)
Start importing Assets/Sunny Land Forest Assets/Artwork/Environment/TileMap/tileset_18.asset using Guid(14a383054a54a0347b92c5d0de754ee8) Importer(815301076,1909f56bfc062723c751e8b465ee728b)  -> (artifact id: '0267f6d83f8130f58a47da990aa75fe3') in 0.017304 seconds
Number of updated asset objects reloaded before import = 0
Number of asset objects unloaded after import = 3
========================================================================
Received Import Request.
  Time since last request: 0.000025 seconds.
  path: Assets/Sunny Land Forest Assets/Artwork/Environment/TileMap/tileset_41.asset
  artifactKey: Guid(4b687a41a55b35841ae60a0e34b5800e) Importer(815301076,1909f56bfc062723c751e8b465ee728b)
Start importing Assets/Sunny Land Forest Assets/Artwork/Environment/TileMap/tileset_41.asset using Guid(4b687a41a55b35841ae60a0e34b5800e) Importer(815301076,1909f56bfc062723c751e8b465ee728b)  -> (artifact id: '747c8c72217fd1a4a2e3f889c021bbdc') in 0.017296 seconds
Number of updated asset objects reloaded before import = 0
Number of asset objects unloaded after import = 3
========================================================================
Received Import Request.
  Time since last request: 0.000015 seconds.
  path: Assets/Sunny Land Forest Assets/Artwork/Environment/TileMap/tileset_47.asset
  artifactKey: Guid(888bfe32a61c7a84490ddca5a5d2a454) Importer(815301076,1909f56bfc062723c751e8b465ee728b)
Start importing Assets/Sunny Land Forest Assets/Artwork/Environment/TileMap/tileset_47.asset using Guid(888bfe32a61c7a84490ddca5a5d2a454) Importer(815301076,1909f56bfc062723c751e8b465ee728b)  -> (artifact id: '5ae1860a67aa6be5ec092cbc86a210b1') in 0.015938 seconds
Number of updated asset objects reloaded before import = 0
Number of asset objects unloaded after import = 3
========================================================================
Received Import Request.
  Time since last request: 0.000017 seconds.
  path: Assets/Sunny Land Forest Assets/Artwork/Environment/TileMap/tileset_60.asset
  artifactKey: Guid(6ed1ef261b6da8d4781feef5cf101779) Importer(815301076,1909f56bfc062723c751e8b465ee728b)
Start importing Assets/Sunny Land Forest Assets/Artwork/Environment/TileMap/tileset_60.asset using Guid(6ed1ef261b6da8d4781feef5cf101779) Importer(815301076,1909f56bfc062723c751e8b465ee728b)  -> (artifact id: '652cca1a3d8f3be243f838243857493a') in 0.017734 seconds
Number of updated asset objects reloaded before import = 0
Number of asset objects unloaded after import = 3
========================================================================
Received Import Request.
  Time since last request: 0.000018 seconds.
  path: Assets/Sunny Land Forest Assets/Artwork/Environment/TileMap/tileset_31.asset
  artifactKey: Guid(b929bbe1370a85a4bb6ab7ce902e345f) Importer(815301076,1909f56bfc062723c751e8b465ee728b)
Start importing Assets/Sunny Land Forest Assets/Artwork/Environment/TileMap/tileset_31.asset using Guid(b929bbe1370a85a4bb6ab7ce902e345f) Importer(815301076,1909f56bfc062723c751e8b465ee728b)  -> (artifact id: '4674e63beabfae9d1ffd06684b398c10') in 0.014373 seconds
Number of updated asset objects reloaded before import = 0
Number of asset objects unloaded after import = 3
========================================================================
Received Import Request.
  Time since last request: 0.000017 seconds.
  path: Assets/Sunny Land Forest Assets/Artwork/Environment/TileMap/tileset_68.asset
  artifactKey: Guid(7a1aac5a3423575438c9a1a46816f67a) Importer(815301076,1909f56bfc062723c751e8b465ee728b)
Start importing Assets/Sunny Land Forest Assets/Artwork/Environment/TileMap/tileset_68.asset using Guid(7a1aac5a3423575438c9a1a46816f67a) Importer(815301076,1909f56bfc062723c751e8b465ee728b)  -> (artifact id: 'addfe9c960e8b81cbcc9d07a77bb21a9') in 0.014959 seconds
Number of updated asset objects reloaded before import = 0
Number of asset objects unloaded after import = 3
========================================================================
Received Import Request.
  Time since last request: 0.000018 seconds.
  path: Assets/Sunny Land Forest Assets/Artwork/Environment/TileMap/tileset_64.asset
  artifactKey: Guid(38be115c898da3142b769f1d475d8dca) Importer(815301076,1909f56bfc062723c751e8b465ee728b)
Start importing Assets/Sunny Land Forest Assets/Artwork/Environment/TileMap/tileset_64.asset using Guid(38be115c898da3142b769f1d475d8dca) Importer(815301076,1909f56bfc062723c751e8b465ee728b)  -> (artifact id: '9cfb4fc563896145db255c665bba041f') in 0.014966 seconds
Number of updated asset objects reloaded before import = 0
Number of asset objects unloaded after import = 3
========================================================================
Received Import Request.
  Time since last request: 0.000019 seconds.
  path: Assets/Sunny Land Forest Assets/Artwork/Environment/TileMap/tileset_8.asset
  artifactKey: Guid(c0c9af0761dfdcf4da5f87f7fe91d90f) Importer(815301076,1909f56bfc062723c751e8b465ee728b)
Start importing Assets/Sunny Land Forest Assets/Artwork/Environment/TileMap/tileset_8.asset using Guid(c0c9af0761dfdcf4da5f87f7fe91d90f) Importer(815301076,1909f56bfc062723c751e8b465ee728b)  -> (artifact id: 'f2ab88119203cf674aecb4ee61850055') in 0.013380 seconds
Number of updated asset objects reloaded before import = 0
Number of asset objects unloaded after import = 3
========================================================================
Received Import Request.
  Time since last request: 0.000016 seconds.
  path: Assets/Sunny Land Forest Assets/Artwork/Environment/TileMap/tileset_25.asset
  artifactKey: Guid(cf1d3f7f8d60bf74d865caee1036bffc) Importer(815301076,1909f56bfc062723c751e8b465ee728b)
Start importing Assets/Sunny Land Forest Assets/Artwork/Environment/TileMap/tileset_25.asset using Guid(cf1d3f7f8d60bf74d865caee1036bffc) Importer(815301076,1909f56bfc062723c751e8b465ee728b)  -> (artifact id: 'dff632f99edb41b47f36174f98045d23') in 0.012137 seconds
Number of updated asset objects reloaded before import = 0
Number of asset objects unloaded after import = 3
========================================================================
Received Import Request.
  Time since last request: 0.000013 seconds.
  path: Assets/Sunny Land Forest Assets/Artwork/Environment/TileMap/tileset_21.asset
  artifactKey: Guid(b5567dcd9c916874193af9a74b72a3c8) Importer(815301076,1909f56bfc062723c751e8b465ee728b)
Start importing Assets/Sunny Land Forest Assets/Artwork/Environment/TileMap/tileset_21.asset using Guid(b5567dcd9c916874193af9a74b72a3c8) Importer(815301076,1909f56bfc062723c751e8b465ee728b)  -> (artifact id: 'afaf667353ec673e0c7f1b3f5eadd4d8') in 0.013708 seconds
Number of updated asset objects reloaded before import = 0
Number of asset objects unloaded after import = 3
========================================================================
Received Import Request.
  Time since last request: 0.000015 seconds.
  path: Assets/Sunny Land Forest Assets/Artwork/Environment/TileMap/tileset_29.asset
  artifactKey: Guid(1accfe7c852023248a2f8ca0b0439d45) Importer(815301076,1909f56bfc062723c751e8b465ee728b)
Start importing Assets/Sunny Land Forest Assets/Artwork/Environment/TileMap/tileset_29.asset using Guid(1accfe7c852023248a2f8ca0b0439d45) Importer(815301076,1909f56bfc062723c751e8b465ee728b)  -> (artifact id: 'aa48de2deee0c75a3907bae5e2213f1d') in 0.013019 seconds
Number of updated asset objects reloaded before import = 0
Number of asset objects unloaded after import = 3
========================================================================
Received Import Request.
  Time since last request: 0.000016 seconds.
  path: Assets/Sunny Land Forest Assets/Artwork/Environment/TileMap/tileset_22.asset
  artifactKey: Guid(9595f96d6c1229d4584677026af8b491) Importer(815301076,1909f56bfc062723c751e8b465ee728b)
Start importing Assets/Sunny Land Forest Assets/Artwork/Environment/TileMap/tileset_22.asset using Guid(9595f96d6c1229d4584677026af8b491) Importer(815301076,1909f56bfc062723c751e8b465ee728b)  -> (artifact id: '136cb432930a741f25301ed6e1fec4d0') in 0.013497 seconds
Number of updated asset objects reloaded before import = 0
Number of asset objects unloaded after import = 3
========================================================================
Received Import Request.
  Time since last request: 0.000015 seconds.
  path: Assets/Sunny Land Forest Assets/Artwork/Environment/TileMap/tileset_63.asset
  artifactKey: Guid(e72282a00762d6a4a9afdc5dfe50f849) Importer(815301076,1909f56bfc062723c751e8b465ee728b)
Start importing Assets/Sunny Land Forest Assets/Artwork/Environment/TileMap/tileset_63.asset using Guid(e72282a00762d6a4a9afdc5dfe50f849) Importer(815301076,1909f56bfc062723c751e8b465ee728b)  -> (artifact id: '4233664422281ffef9cebb43f5aed7e8') in 0.013444 seconds
Number of updated asset objects reloaded before import = 0
Number of asset objects unloaded after import = 3
========================================================================
Received Import Request.
  Time since last request: 0.000016 seconds.
  path: Assets/Sunny Land Forest Assets/Artwork/Environment/TileMap/tileset_61.asset
  artifactKey: Guid(b2c376ad21951eb4cba85521deb4ebdc) Importer(815301076,1909f56bfc062723c751e8b465ee728b)
Start importing Assets/Sunny Land Forest Assets/Artwork/Environment/TileMap/tileset_61.asset using Guid(b2c376ad21951eb4cba85521deb4ebdc) Importer(815301076,1909f56bfc062723c751e8b465ee728b)  -> (artifact id: '52ec8abf47daa7ead135b515ed3939fe') in 0.004075 seconds
Number of updated asset objects reloaded before import = 0
Number of asset objects unloaded after import = 3
========================================================================
Received Import Request.
  Time since last request: 0.000012 seconds.
  path: Assets/Sunny Land Forest Assets/Artwork/Environment/TileMap/tileset_37.asset
  artifactKey: Guid(86a835f2dedbc9a4889d1e2640ba0af1) Importer(815301076,1909f56bfc062723c751e8b465ee728b)
Start importing Assets/Sunny Land Forest Assets/Artwork/Environment/TileMap/tileset_37.asset using Guid(86a835f2dedbc9a4889d1e2640ba0af1) Importer(815301076,1909f56bfc062723c751e8b465ee728b)  -> (artifact id: '25fb836ece0574f6cb630c3d8b562486') in 0.014232 seconds
Number of updated asset objects reloaded before import = 0
Number of asset objects unloaded after import = 3
========================================================================
Received Import Request.
  Time since last request: 0.000015 seconds.
  path: Assets/Sunny Land Forest Assets/Artwork/Environment/TileMap/tileset_46.asset
  artifactKey: Guid(b9cdb9ef37a28864ebd1fcd4a1fdc1f9) Importer(815301076,1909f56bfc062723c751e8b465ee728b)
Start importing Assets/Sunny Land Forest Assets/Artwork/Environment/TileMap/tileset_46.asset using Guid(b9cdb9ef37a28864ebd1fcd4a1fdc1f9) Importer(815301076,1909f56bfc062723c751e8b465ee728b)  -> (artifact id: '7f4b40b2bdf5670a4f8eae7ce2e51fdc') in 0.014688 seconds
Number of updated asset objects reloaded before import = 0
Number of asset objects unloaded after import = 3
========================================================================
Received Import Request.
  Time since last request: 0.000015 seconds.
  path: Assets/Sunny Land Forest Assets/Artwork/Environment/TileMap/tileset_13.asset
  artifactKey: Guid(96e8cbfd1f9d3b544a0f0f2adf0f0760) Importer(815301076,1909f56bfc062723c751e8b465ee728b)
Start importing Assets/Sunny Land Forest Assets/Artwork/Environment/TileMap/tileset_13.asset using Guid(96e8cbfd1f9d3b544a0f0f2adf0f0760) Importer(815301076,1909f56bfc062723c751e8b465ee728b)  -> (artifact id: '0a2767f2d651f88e481f077562d32a2b') in 0.004627 seconds
Number of updated asset objects reloaded before import = 0
Number of asset objects unloaded after import = 3
========================================================================
Received Import Request.
  Time since last request: 0.000024 seconds.
  path: Assets/Sunny Land Forest Assets/Artwork/Environment/TileMap/tileset_40.asset
  artifactKey: Guid(cb07322872d4bc541bf3e393a79a079e) Importer(815301076,1909f56bfc062723c751e8b465ee728b)
Start importing Assets/Sunny Land Forest Assets/Artwork/Environment/TileMap/tileset_40.asset using Guid(cb07322872d4bc541bf3e393a79a079e) Importer(815301076,1909f56bfc062723c751e8b465ee728b)  -> (artifact id: '52d324c72ab7576334e2d348af9f1631') in 0.013201 seconds
Number of updated asset objects reloaded before import = 0
Number of asset objects unloaded after import = 3
========================================================================
Received Import Request.
  Time since last request: 0.000017 seconds.
  path: Assets/Sunny Land Forest Assets/Artwork/Environment/TileMap/tileset_9.asset
  artifactKey: Guid(163ff7653858876438aebd73cd924f87) Importer(815301076,1909f56bfc062723c751e8b465ee728b)
Start importing Assets/Sunny Land Forest Assets/Artwork/Environment/TileMap/tileset_9.asset using Guid(163ff7653858876438aebd73cd924f87) Importer(815301076,1909f56bfc062723c751e8b465ee728b)  -> (artifact id: '612458d676284b7a0c3f917686e4890c') in 0.012651 seconds
Number of updated asset objects reloaded before import = 0
Number of asset objects unloaded after import = 3
========================================================================
Received Import Request.
  Time since last request: 0.000016 seconds.
  path: Assets/Sunny Land Forest Assets/Artwork/Environment/TileMap/tileset_27.asset
  artifactKey: Guid(a82666ab7767a6048a6df1fa729461fc) Importer(815301076,1909f56bfc062723c751e8b465ee728b)
Start importing Assets/Sunny Land Forest Assets/Artwork/Environment/TileMap/tileset_27.asset using Guid(a82666ab7767a6048a6df1fa729461fc) Importer(815301076,1909f56bfc062723c751e8b465ee728b)  -> (artifact id: 'd68982debeb353defc01a1b4c719d1a5') in 0.012989 seconds
Number of updated asset objects reloaded before import = 0
Number of asset objects unloaded after import = 3
Editor requested this worker to shutdown with reason: Scaling down because of idle timeout
TcpMessagingSession - receive error: operation aborted. errorcode: 995, details: A operação de E/S foi anulada devido a uma saída de thread ou a uma requisição de aplicativo.
AssetImportWorker is now disconnected from the server
Process exiting
Exiting without the bug reporter. Application will terminate with return code 0