Using pre-set license
Built from '2022.3/staging' branch; Version is '2022.3.17f1 (4fc78088f837) revision 5228416'; Using compiler version '192829333'; Build Type 'Release'
OS: 'Windows 11  (10.0.26200) 64bit Professional' Language: 'pt' Physical Memory: 16105 MB
BatchMode: 1, IsHumanControllingUs: 0, StartBugReporterOnCrash: 0, Is64bit: 1, IsPro: 1

COMMAND LINE ARGUMENTS:
C:\Program Files\Unity\Hub\Editor\2022.3.17f1\Editor\Unity.exe
-adb2
-batchMode
-noUpm
-name
AssetImportWorker0
-projectPath
C:/Users/aluno.unilasalle/Documents/GitHub/Jogo-Abisurdo-2d/My project (14)
-logFile
Logs/AssetImportWorker0.log
-srvPort
61642
Successfully changed project path to: C:/Users/aluno.unilasalle/Documents/GitHub/Jogo-Abisurdo-2d/My project (14)
C:/Users/aluno.unilasalle/Documents/GitHub/Jogo-Abisurdo-2d/My project (14)
[UnityMemory] Configuration Parameters - Can be set up in boot.config
    "memorysetup-bucket-allocator-granularity=16"
    "memorysetup-bucket-allocator-bucket-count=8"
    "memorysetup-bucket-allocator-block-size=33554432"
    "memorysetup-bucket-allocator-block-count=8"
    "memorysetup-main-allocator-block-size=16777216"
    "memorysetup-thread-allocator-block-size=16777216"
    "memorysetup-gfx-main-allocator-block-size=16777216"
    "memorysetup-gfx-thread-allocator-block-size=16777216"
    "memorysetup-cache-allocator-block-size=4194304"
    "memorysetup-typetree-allocator-block-size=2097152"
    "memorysetup-profiler-bucket-allocator-granularity=16"
    "memorysetup-profiler-bucket-allocator-bucket-count=8"
    "memorysetup-profiler-bucket-allocator-block-size=33554432"
    "memorysetup-profiler-bucket-allocator-block-count=8"
    "memorysetup-profiler-allocator-block-size=16777216"
    "memorysetup-profiler-editor-allocator-block-size=1048576"
    "memorysetup-temp-allocator-size-main=16777216"
    "memorysetup-job-temp-allocator-block-size=2097152"
    "memorysetup-job-temp-allocator-block-size-background=1048576"
    "memorysetup-job-temp-allocator-reduction-small-platforms=262144"
    "memorysetup-allocator-temp-initial-block-size-main=262144"
    "memorysetup-allocator-temp-initial-block-size-worker=262144"
    "memorysetup-temp-allocator-size-background-worker=32768"
    "memorysetup-temp-allocator-size-job-worker=262144"
    "memorysetup-temp-allocator-size-preload-manager=33554432"
    "memorysetup-temp-allocator-size-nav-mesh-worker=65536"
    "memorysetup-temp-allocator-size-audio-worker=65536"
    "memorysetup-temp-allocator-size-cloud-worker=32768"
    "memorysetup-temp-allocator-size-gi-baking-worker=262144"
    "memorysetup-temp-allocator-size-gfx=262144"
Player connection [4796] Host "[IP] 10.10.5.239 [Port] 0 [Flags] 2 [Guid] 3381861516 [EditorId] 3381861516 [Version] 1048832 [Id] WindowsEditor(7,LB113UNI) [Debug] 1 [PackageName] WindowsEditor [ProjectName] Editor" joined multi-casting on [225.0.0.222:54997]...

Player connection [4796] Host "[IP] 10.10.5.239 [Port] 0 [Flags] 2 [Guid] 3381861516 [EditorId] 3381861516 [Version] 1048832 [Id] WindowsEditor(7,LB113UNI) [Debug] 1 [PackageName] WindowsEditor [ProjectName] Editor" joined alternative multi-casting on [225.0.0.222:34997]...

[Physics::Module] Initialized MultithreadedJobDispatcher with 19 workers.
Refreshing native plugins compatible for Editor in 10.11 ms, found 4 plugins.
Preloading 0 native plugins for Editor in 0.00 ms.
Initialize engine version: 2022.3.17f1 (4fc78088f837)
[Subsystems] Discovering subsystems at path C:/Program Files/Unity/Hub/Editor/2022.3.17f1/Editor/Data/Resources/UnitySubsystems
[Subsystems] Discovering subsystems at path C:/Users/aluno.unilasalle/Documents/GitHub/Jogo-Abisurdo-2d/My project (14)/Assets
GfxDevice: creating device client; threaded=0; jobified=0
Direct3D:
    Version:  Direct3D 11.0 [level 11.1]
    Renderer: NVIDIA GeForce GTX 1660 SUPER (ID=0x21c4)
    Vendor:   NVIDIA
    VRAM:     5966 MB
    Driver:   32.0.15.7683
Initialize mono
Mono path[0] = 'C:/Program Files/Unity/Hub/Editor/2022.3.17f1/Editor/Data/Managed'
Mono path[1] = 'C:/Program Files/Unity/Hub/Editor/2022.3.17f1/Editor/Data/MonoBleedingEdge/lib/mono/unityjit-win32'
Mono config path = 'C:/Program Files/Unity/Hub/Editor/2022.3.17f1/Editor/Data/MonoBleedingEdge/etc'
Using monoOptions --debugger-agent=transport=dt_socket,embedding=1,server=y,suspend=n,address=127.0.0.1:56200
Begin MonoManager ReloadAssembly
Registering precompiled unity dll's ...
Register platform support module: C:/Program Files/Unity/Hub/Editor/2022.3.17f1/Editor/Data/PlaybackEngines/WebGLSupport/UnityEditor.WebGL.Extensions.dll
Register platform support module: C:/Program Files/Unity/Hub/Editor/2022.3.17f1/Editor/Data/PlaybackEngines/WindowsStandaloneSupport/UnityEditor.WindowsStandalone.Extensions.dll
Registered in 0.005610 seconds.
- Loaded All Assemblies, in  0.253 seconds
Native extension for WindowsStandalone target not found
Native extension for WebGL target not found
Mono: successfully reloaded assembly
- Finished resetting the current domain, in  0.199 seconds
Domain Reload Profiling: 451ms
	BeginReloadAssembly (80ms)
		ExecutionOrderSort (0ms)
		DisableScriptedObjects (0ms)
		BackupInstance (0ms)
		ReleaseScriptingObjects (0ms)
		CreateAndSetChildDomain (1ms)
	RebuildCommonClasses (24ms)
	RebuildNativeTypeToScriptingClass (7ms)
	initialDomainReloadingComplete (42ms)
	LoadAllAssembliesAndSetupDomain (99ms)
		LoadAssemblies (79ms)
		RebuildTransferFunctionScriptingTraits (0ms)
		AnalyzeDomain (97ms)
			TypeCache.Refresh (96ms)
				TypeCache.ScanAssembly (86ms)
			ScanForSourceGeneratedMonoScriptInfo (0ms)
			ResolveRequiredComponents (0ms)
	FinalizeReload (199ms)
		ReleaseScriptCaches (0ms)
		RebuildScriptCaches (0ms)
		SetupLoadedEditorAssemblies (157ms)
			LogAssemblyErrors (0ms)
			InitializePlatformSupportModulesInManaged (8ms)
			SetLoadedEditorAssemblies (4ms)
			RefreshPlugins (0ms)
			BeforeProcessingInitializeOnLoad (2ms)
			ProcessInitializeOnLoadAttributes (109ms)
			ProcessInitializeOnLoadMethodAttributes (35ms)
			AfterProcessingInitializeOnLoad (0ms)
			EditorAssembliesLoaded (0ms)
		ExecutionOrderSort2 (0ms)
		AwakeInstancesAfterBackupRestoration (0ms)
========================================================================
Worker process is ready to serve import requests
Begin MonoManager ReloadAssembly
- Loaded All Assemblies, in  0.494 seconds
Refreshing native plugins compatible for Editor in 5.45 ms, found 4 plugins.
Native extension for WindowsStandalone target not found
Native extension for WebGL target not found
Mono: successfully reloaded assembly
- Finished resetting the current domain, in  0.457 seconds
Domain Reload Profiling: 949ms
	BeginReloadAssembly (111ms)
		ExecutionOrderSort (0ms)
		DisableScriptedObjects (5ms)
		BackupInstance (0ms)
		ReleaseScriptingObjects (0ms)
		CreateAndSetChildDomain (15ms)
	RebuildCommonClasses (23ms)
	RebuildNativeTypeToScriptingClass (7ms)
	initialDomainReloadingComplete (33ms)
	LoadAllAssembliesAndSetupDomain (318ms)
		LoadAssemblies (252ms)
		RebuildTransferFunctionScriptingTraits (0ms)
		AnalyzeDomain (130ms)
			TypeCache.Refresh (111ms)
				TypeCache.ScanAssembly (101ms)
			ScanForSourceGeneratedMonoScriptInfo (15ms)
			ResolveRequiredComponents (3ms)
	FinalizeReload (458ms)
		ReleaseScriptCaches (0ms)
		RebuildScriptCaches (0ms)
		SetupLoadedEditorAssemblies (339ms)
			LogAssemblyErrors (0ms)
			InitializePlatformSupportModulesInManaged (6ms)
			SetLoadedEditorAssemblies (2ms)
			RefreshPlugins (0ms)
			BeforeProcessingInitializeOnLoad (50ms)
			ProcessInitializeOnLoadAttributes (245ms)
			ProcessInitializeOnLoadMethodAttributes (30ms)
			AfterProcessingInitializeOnLoad (5ms)
			EditorAssembliesLoaded (0ms)
		ExecutionOrderSort2 (0ms)
		AwakeInstancesAfterBackupRestoration (5ms)
Launched and connected shader compiler UnityShaderCompiler.exe after 0.03 seconds
Refreshing native plugins compatible for Editor in 5.13 ms, found 4 plugins.
Preloading 0 native plugins for Editor in 0.00 ms.
Unloading 4182 Unused Serialized files (Serialized files now loaded: 0)
Unloading 66 unused Assets / (61.4 KB). Loaded Objects now: 4644.
Memory consumption went from 148.2 MB to 148.1 MB.
Total: 2.695400 ms (FindLiveObjects: 0.213300 ms CreateObjectMapping: 0.102800 ms MarkObjects: 2.280000 ms  DeleteObjects: 0.098600 ms)

AssetImportParameters requested are different than current active one (requested -> active):
  custom:container-demuxer-ogg: 62fdf1f143b41e24485cea50d1cbac27 -> 
  custom:video-decoder-ogg-theora: a1e56fd34408186e4bbccfd4996cb3dc -> 
  custom:framework-win-MediaFoundation: 216162199b28c13a410421893ffa2e32 -> 
  custom:CustomObjectIndexerAttribute: 6d391050e5a25f67b0a2c618074f2cd9 -> 
  custom:container-demuxer-webm: 4f35f7cbe854078d1ac9338744f61a02 -> 
  custom:container-muxer-webm: aa71ff27fc2769a1b78a27578f13a17b -> 
  custom:video-decoder-webm-vp8: 9c59270c3fd7afecdb556c50c9e8de78 -> 
  custom:SearchIndexIgnoredProperties: e643bd26f0fe6173181afceb89e7c659 -> 
  custom:AudioImporter_EditorPlatform: d09bf68614088b80899f8185d706f6e7 -> 
  custom:video-encoder-webm-vp8: eb34c28f22e8b96e1ab97ce403110664 -> 
  custom:audio-decoder-ogg-vorbis: bf7c407c2cedff20999df2af8eb42d56 -> 
  custom:audio-encoder-webm-vorbis: bf7c407c2cedff20999df2af8eb42d56 -> 
========================================================================
Received Import Request.
  Time since last request: 2574.220546 seconds.
  path: Assets/Scenes/cenario.unity
  artifactKey: Guid(cedd6c2347d52494cb135dc0d69e3653) Importer(815301076,1909f56bfc062723c751e8b465ee728b)
Start importing Assets/Scenes/cenario.unity using Guid(cedd6c2347d52494cb135dc0d69e3653) Importer(815301076,1909f56bfc062723c751e8b465ee728b)  -> (artifact id: '7b79fe21a052aa9744e3a0a9a46291e1') in 0.001983 seconds
Number of updated asset objects reloaded before import = 0
Number of asset objects unloaded after import = 0
========================================================================
Received Import Request.
  Time since last request: 423.688697 seconds.
  path: Assets/Scenes/cenario.unity
  artifactKey: Guid(cedd6c2347d52494cb135dc0d69e3653) Importer(815301076,1909f56bfc062723c751e8b465ee728b)
Start importing Assets/Scenes/cenario.unity using Guid(cedd6c2347d52494cb135dc0d69e3653) Importer(815301076,1909f56bfc062723c751e8b465ee728b)  -> (artifact id: '600a1987a311d0bfca0038f9f3b659f9') in 0.000672 seconds
Number of updated asset objects reloaded before import = 0
Number of asset objects unloaded after import = 0
========================================================================
Received Import Request.
  Time since last request: 20.281533 seconds.
  path: Assets/Sunny Land Forest Assets/Artwork/Environment
  artifactKey: Guid(247f99824090f46c28786894c8d359d1) Importer(815301076,1909f56bfc062723c751e8b465ee728b)
Start importing Assets/Sunny Land Forest Assets/Artwork/Environment using Guid(247f99824090f46c28786894c8d359d1) Importer(815301076,1909f56bfc062723c751e8b465ee728b)  -> (artifact id: 'd33b26cd83e92fbf6073ce93398658fb') in 0.000389 seconds
Number of updated asset objects reloaded before import = 0
Number of asset objects unloaded after import = 0
========================================================================
Received Import Request.
  Time since last request: 0.301835 seconds.
  path: Assets/Sunny Land Forest Assets/Artwork/Environment/background.png
  artifactKey: Guid(0ec7f03d689614a43ae2aeba2db954c0) Importer(815301076,1909f56bfc062723c751e8b465ee728b)
Start importing Assets/Sunny Land Forest Assets/Artwork/Environment/background.png using Guid(0ec7f03d689614a43ae2aeba2db954c0) Importer(815301076,1909f56bfc062723c751e8b465ee728b)  -> (artifact id: '63832e6a474cc5a713bb95d392bc1d74') in 0.084305 seconds
Number of updated asset objects reloaded before import = 0
Number of asset objects unloaded after import = 3
========================================================================
Received Import Request.
  Time since last request: 0.000019 seconds.
  path: Assets/Sunny Land Forest Assets/Artwork/Environment/tileset_preview.png
  artifactKey: Guid(c7023aa968e634fc886642f0d99afe29) Importer(815301076,1909f56bfc062723c751e8b465ee728b)
Start importing Assets/Sunny Land Forest Assets/Artwork/Environment/tileset_preview.png using Guid(c7023aa968e634fc886642f0d99afe29) Importer(815301076,1909f56bfc062723c751e8b465ee728b)  -> (artifact id: 'b630b1afe0fa914052a3b384486f81e2') in 0.022887 seconds
Number of updated asset objects reloaded before import = 0
Number of asset objects unloaded after import = 3
========================================================================
Received Import Request.
  Time since last request: 0.000016 seconds.
  path: Assets/Sunny Land Forest Assets/Artwork/Environment/tileset.png
  artifactKey: Guid(2eeb0d4e8888f48459040781a511455e) Importer(815301076,1909f56bfc062723c751e8b465ee728b)
Start importing Assets/Sunny Land Forest Assets/Artwork/Environment/tileset.png using Guid(2eeb0d4e8888f48459040781a511455e) Importer(815301076,1909f56bfc062723c751e8b465ee728b)  -> (artifact id: '774afeb14c947ec8e36c9419adebadf6') in 0.136186 seconds
Number of updated asset objects reloaded before import = 0
Number of asset objects unloaded after import = 111
========================================================================
Received Import Request.
  Time since last request: 9.653417 seconds.
  path: Assets/Sunny Land Forest Assets/Artwork/Environment/TileMap/tileset_1.asset
  artifactKey: Guid(d8d696053d45433459bc0942e6535bcd) Importer(815301076,1909f56bfc062723c751e8b465ee728b)
Start importing Assets/Sunny Land Forest Assets/Artwork/Environment/TileMap/tileset_1.asset using Guid(d8d696053d45433459bc0942e6535bcd) Importer(815301076,1909f56bfc062723c751e8b465ee728b)  -> (artifact id: 'a450b7200f582a39670b276260f347c3') in 0.021473 seconds
Number of updated asset objects reloaded before import = 0
Number of asset objects unloaded after import = 3
========================================================================
Received Import Request.
  Time since last request: 0.000018 seconds.
  path: Assets/Sunny Land Forest Assets/Artwork/Environment/TileMap/tileset_5.asset
  artifactKey: Guid(1e00b9b3eeeba0d49befa2892cb4f9af) Importer(815301076,1909f56bfc062723c751e8b465ee728b)
Start importing Assets/Sunny Land Forest Assets/Artwork/Environment/TileMap/tileset_5.asset using Guid(1e00b9b3eeeba0d49befa2892cb4f9af) Importer(815301076,1909f56bfc062723c751e8b465ee728b)  -> (artifact id: '2eb97038b659c9ae75f2b5818852774f') in 0.016434 seconds
Number of updated asset objects reloaded before import = 0
Number of asset objects unloaded after import = 3
========================================================================
Received Import Request.
  Time since last request: 0.000015 seconds.
  path: Assets/Sunny Land Forest Assets/Artwork/Environment/TileMap/tileset_48.asset
  artifactKey: Guid(7f70aa596e828d34fbb28abe5c65a0f7) Importer(815301076,1909f56bfc062723c751e8b465ee728b)
Start importing Assets/Sunny Land Forest Assets/Artwork/Environment/TileMap/tileset_48.asset using Guid(7f70aa596e828d34fbb28abe5c65a0f7) Importer(815301076,1909f56bfc062723c751e8b465ee728b)  -> (artifact id: 'f0ae8076fac343176319132f79c08ec6') in 0.017938 seconds
Number of updated asset objects reloaded before import = 0
Number of asset objects unloaded after import = 3
========================================================================
Received Import Request.
  Time since last request: 0.000015 seconds.
  path: Assets/Sunny Land Forest Assets/Artwork/Environment/TileMap/tileset_7.asset
  artifactKey: Guid(3495472807bbe9945af8e8ff01533713) Importer(815301076,1909f56bfc062723c751e8b465ee728b)
Start importing Assets/Sunny Land Forest Assets/Artwork/Environment/TileMap/tileset_7.asset using Guid(3495472807bbe9945af8e8ff01533713) Importer(815301076,1909f56bfc062723c751e8b465ee728b)  -> (artifact id: '3813175ef95cbc4510e5c59921cbf96d') in 0.017394 seconds
Number of updated asset objects reloaded before import = 0
Number of asset objects unloaded after import = 3
========================================================================
Received Import Request.
  Time since last request: 0.000014 seconds.
  path: Assets/Sunny Land Forest Assets/Artwork/Environment/TileMap/tileset_54.asset
  artifactKey: Guid(3c253e31e39c18e489a80927125d1b4a) Importer(815301076,1909f56bfc062723c751e8b465ee728b)
Start importing Assets/Sunny Land Forest Assets/Artwork/Environment/TileMap/tileset_54.asset using Guid(3c253e31e39c18e489a80927125d1b4a) Importer(815301076,1909f56bfc062723c751e8b465ee728b)  -> (artifact id: '107291af15a33d9cbd80e597b575ef97') in 0.016689 seconds
Number of updated asset objects reloaded before import = 0
Number of asset objects unloaded after import = 3
========================================================================
Received Import Request.
  Time since last request: 0.000018 seconds.
  path: Assets/Sunny Land Forest Assets/Artwork/Environment/TileMap/tileset_67.asset
  artifactKey: Guid(509db03beea3e42478c78913161ba0f0) Importer(815301076,1909f56bfc062723c751e8b465ee728b)
Start importing Assets/Sunny Land Forest Assets/Artwork/Environment/TileMap/tileset_67.asset using Guid(509db03beea3e42478c78913161ba0f0) Importer(815301076,1909f56bfc062723c751e8b465ee728b)  -> (artifact id: '28e5d1cd8ee5834f673eda2238506397') in 0.017800 seconds
Number of updated asset objects reloaded before import = 0
Number of asset objects unloaded after import = 3
========================================================================
Received Import Request.
  Time since last request: 0.000017 seconds.
  path: Assets/Sunny Land Forest Assets/Artwork/Environment/TileMap/tileset_38.asset
  artifactKey: Guid(3a3c68ddf4463ab459d7e6f42abbbf71) Importer(815301076,1909f56bfc062723c751e8b465ee728b)
Start importing Assets/Sunny Land Forest Assets/Artwork/Environment/TileMap/tileset_38.asset using Guid(3a3c68ddf4463ab459d7e6f42abbbf71) Importer(815301076,1909f56bfc062723c751e8b465ee728b)  -> (artifact id: '460635a16d561b0cdb2071feb6fd733a') in 0.005513 seconds
Number of updated asset objects reloaded before import = 0
Number of asset objects unloaded after import = 3
========================================================================
Received Import Request.
  Time since last request: 0.000013 seconds.
  path: Assets/Sunny Land Forest Assets/Artwork/Environment/TileMap/tileset_33.asset
  artifactKey: Guid(828bda23e3d2c0c43809c3d21fddfdab) Importer(815301076,1909f56bfc062723c751e8b465ee728b)
Start importing Assets/Sunny Land Forest Assets/Artwork/Environment/TileMap/tileset_33.asset using Guid(828bda23e3d2c0c43809c3d21fddfdab) Importer(815301076,1909f56bfc062723c751e8b465ee728b)  -> (artifact id: '7dc8128ba71a867da9001b738f79d567') in 0.017517 seconds
Number of updated asset objects reloaded before import = 0
Number of asset objects unloaded after import = 3
========================================================================
Received Import Request.
  Time since last request: 0.000014 seconds.
  path: Assets/Sunny Land Forest Assets/Artwork/Environment/TileMap/tileset_56.asset
  artifactKey: Guid(8f215db80b5ea574c8cf75c05c5fcda6) Importer(815301076,1909f56bfc062723c751e8b465ee728b)
Start importing Assets/Sunny Land Forest Assets/Artwork/Environment/TileMap/tileset_56.asset using Guid(8f215db80b5ea574c8cf75c05c5fcda6) Importer(815301076,1909f56bfc062723c751e8b465ee728b)  -> (artifact id: 'bd2028bd4e672ed843231d7760203fca') in 0.017822 seconds
Number of updated asset objects reloaded before import = 0
Number of asset objects unloaded after import = 3
========================================================================
Received Import Request.
  Time since last request: 0.000019 seconds.
  path: Assets/Sunny Land Forest Assets/Artwork/Environment/TileMap/tileset_4.asset
  artifactKey: Guid(f548610a53bf85549bb9a962a66de2b2) Importer(815301076,1909f56bfc062723c751e8b465ee728b)
Start importing Assets/Sunny Land Forest Assets/Artwork/Environment/TileMap/tileset_4.asset using Guid(f548610a53bf85549bb9a962a66de2b2) Importer(815301076,1909f56bfc062723c751e8b465ee728b)  -> (artifact id: '4d9808ea6a3e758bd028e13110c2b68c') in 0.016825 seconds
Number of updated asset objects reloaded before import = 0
Number of asset objects unloaded after import = 3
========================================================================
Received Import Request.
  Time since last request: 0.000017 seconds.
  path: Assets/Sunny Land Forest Assets/Artwork/Environment/TileMap/tileset_20.asset
  artifactKey: Guid(5dac8b1515dc74b4b93e253a06ae4cf7) Importer(815301076,1909f56bfc062723c751e8b465ee728b)
Start importing Assets/Sunny Land Forest Assets/Artwork/Environment/TileMap/tileset_20.asset using Guid(5dac8b1515dc74b4b93e253a06ae4cf7) Importer(815301076,1909f56bfc062723c751e8b465ee728b)  -> (artifact id: '75a438a4560d165338984544ee85dfa7') in 0.015220 seconds
Number of updated asset objects reloaded before import = 0
Number of asset objects unloaded after import = 3
========================================================================
Received Import Request.
  Time since last request: 0.000020 seconds.
  path: Assets/Sunny Land Forest Assets/Artwork/Environment/TileMap/tileset_59.asset
  artifactKey: Guid(9251f0a254ec08f44a582c811bc833a9) Importer(815301076,1909f56bfc062723c751e8b465ee728b)
Start importing Assets/Sunny Land Forest Assets/Artwork/Environment/TileMap/tileset_59.asset using Guid(9251f0a254ec08f44a582c811bc833a9) Importer(815301076,1909f56bfc062723c751e8b465ee728b)  -> (artifact id: 'af9ec8f32a77dc135e2ff833208f775e') in 0.014460 seconds
Number of updated asset objects reloaded before import = 0
Number of asset objects unloaded after import = 3
========================================================================
Received Import Request.
  Time since last request: 0.000025 seconds.
  path: Assets/Sunny Land Forest Assets/Artwork/Environment/TileMap/tileset_58.asset
  artifactKey: Guid(83b6a861b4c4c474283773e86a7df9b2) Importer(815301076,1909f56bfc062723c751e8b465ee728b)
Start importing Assets/Sunny Land Forest Assets/Artwork/Environment/TileMap/tileset_58.asset using Guid(83b6a861b4c4c474283773e86a7df9b2) Importer(815301076,1909f56bfc062723c751e8b465ee728b)  -> (artifact id: '7591d3a239da9ce0ca2925c4e70b9382') in 0.013918 seconds
Number of updated asset objects reloaded before import = 0
Number of asset objects unloaded after import = 3
========================================================================
Received Import Request.
  Time since last request: 0.000015 seconds.
  path: Assets/Sunny Land Forest Assets/Artwork/Environment/TileMap/tileset_16.asset
  artifactKey: Guid(1824d48801eb21d49a67570d92fa3592) Importer(815301076,1909f56bfc062723c751e8b465ee728b)
Start importing Assets/Sunny Land Forest Assets/Artwork/Environment/TileMap/tileset_16.asset using Guid(1824d48801eb21d49a67570d92fa3592) Importer(815301076,1909f56bfc062723c751e8b465ee728b)  -> (artifact id: '919bc36f2e3ac81a2c1b61b0351ed642') in 0.013486 seconds
Number of updated asset objects reloaded before import = 0
Number of asset objects unloaded after import = 3
========================================================================
Received Import Request.
  Time since last request: 0.000018 seconds.
  path: Assets/Sunny Land Forest Assets/Artwork/Environment/TileMap/tileset_36.asset
  artifactKey: Guid(ac086ae705392fb4fadff28770c193f2) Importer(815301076,1909f56bfc062723c751e8b465ee728b)
Start importing Assets/Sunny Land Forest Assets/Artwork/Environment/TileMap/tileset_36.asset using Guid(ac086ae705392fb4fadff28770c193f2) Importer(815301076,1909f56bfc062723c751e8b465ee728b)  -> (artifact id: 'a2b18116c203f61a0d1541855ad86734') in 0.014352 seconds
Number of updated asset objects reloaded before import = 0
Number of asset objects unloaded after import = 3
========================================================================
Received Import Request.
  Time since last request: 0.000015 seconds.
  path: Assets/Sunny Land Forest Assets/Artwork/Environment/TileMap/tileset_57.asset
  artifactKey: Guid(c665669251f4df74480ecb07adf437c5) Importer(815301076,1909f56bfc062723c751e8b465ee728b)
Start importing Assets/Sunny Land Forest Assets/Artwork/Environment/TileMap/tileset_57.asset using Guid(c665669251f4df74480ecb07adf437c5) Importer(815301076,1909f56bfc062723c751e8b465ee728b)  -> (artifact id: '97e0544490b8f9174e3d416f5d0c9631') in 0.014858 seconds
Number of updated asset objects reloaded before import = 0
Number of asset objects unloaded after import = 3
========================================================================
Received Import Request.
  Time since last request: 0.000017 seconds.
  path: Assets/Sunny Land Forest Assets/Artwork/Environment/TileMap/tileset_34.asset
  artifactKey: Guid(e8244ff64dc5f53499f0a8b34f15d67a) Importer(815301076,1909f56bfc062723c751e8b465ee728b)
Start importing Assets/Sunny Land Forest Assets/Artwork/Environment/TileMap/tileset_34.asset using Guid(e8244ff64dc5f53499f0a8b34f15d67a) Importer(815301076,1909f56bfc062723c751e8b465ee728b)  -> (artifact id: 'bea8b920bd4b2a4a867fa0b20bdbd733') in 0.004393 seconds
Number of updated asset objects reloaded before import = 0
Number of asset objects unloaded after import = 3
========================================================================
Received Import Request.
  Time since last request: 0.000015 seconds.
  path: Assets/Sunny Land Forest Assets/Artwork/Environment/TileMap/tileset_14.asset
  artifactKey: Guid(874afe9f54088c84dae8cccc13da7bc0) Importer(815301076,1909f56bfc062723c751e8b465ee728b)
Start importing Assets/Sunny Land Forest Assets/Artwork/Environment/TileMap/tileset_14.asset using Guid(874afe9f54088c84dae8cccc13da7bc0) Importer(815301076,1909f56bfc062723c751e8b465ee728b)  -> (artifact id: '6d6d86b39be65c138e6615461c6037fd') in 0.003976 seconds
Number of updated asset objects reloaded before import = 0
Number of asset objects unloaded after import = 3
========================================================================
Received Import Request.
  Time since last request: 0.000013 seconds.
  path: Assets/Sunny Land Forest Assets/Artwork/Environment/TileMap/tileset_3.asset
  artifactKey: Guid(d26a0b2ead3be7840a115cd0b07dd933) Importer(815301076,1909f56bfc062723c751e8b465ee728b)
Start importing Assets/Sunny Land Forest Assets/Artwork/Environment/TileMap/tileset_3.asset using Guid(d26a0b2ead3be7840a115cd0b07dd933) Importer(815301076,1909f56bfc062723c751e8b465ee728b)  -> (artifact id: '933562ab1ea2a0c095852211f0e13751') in 0.013608 seconds
Number of updated asset objects reloaded before import = 0
Number of asset objects unloaded after import = 3
========================================================================
Received Import Request.
  Time since last request: 0.000017 seconds.
  path: Assets/Sunny Land Forest Assets/Artwork/Environment/TileMap/tileset_15.asset
  artifactKey: Guid(5290b6f710a458e4c8b7f16691badb94) Importer(815301076,1909f56bfc062723c751e8b465ee728b)
Start importing Assets/Sunny Land Forest Assets/Artwork/Environment/TileMap/tileset_15.asset using Guid(5290b6f710a458e4c8b7f16691badb94) Importer(815301076,1909f56bfc062723c751e8b465ee728b)  -> (artifact id: '52600c06630a3224de71958c175743a8') in 0.012549 seconds
Number of updated asset objects reloaded before import = 0
Number of asset objects unloaded after import = 3
========================================================================
Received Import Request.
  Time since last request: 0.000022 seconds.
  path: Assets/Sunny Land Forest Assets/Artwork/Environment/TileMap/tileset_62.asset
  artifactKey: Guid(b5e088fb4b8a7d146b930aed63dbd975) Importer(815301076,1909f56bfc062723c751e8b465ee728b)
Start importing Assets/Sunny Land Forest Assets/Artwork/Environment/TileMap/tileset_62.asset using Guid(b5e088fb4b8a7d146b930aed63dbd975) Importer(815301076,1909f56bfc062723c751e8b465ee728b)  -> (artifact id: '8cf420e0c09045d213934b0c9ef8e875') in 0.013953 seconds
Number of updated asset objects reloaded before import = 0
Number of asset objects unloaded after import = 3
========================================================================
Received Import Request.
  Time since last request: 0.000016 seconds.
  path: Assets/Sunny Land Forest Assets/Artwork/Environment/TileMap/tileset_50.asset
  artifactKey: Guid(7e3d3af89b936d549811cc19c4b893a0) Importer(815301076,1909f56bfc062723c751e8b465ee728b)
Start importing Assets/Sunny Land Forest Assets/Artwork/Environment/TileMap/tileset_50.asset using Guid(7e3d3af89b936d549811cc19c4b893a0) Importer(815301076,1909f56bfc062723c751e8b465ee728b)  -> (artifact id: 'b3aaae80caf95ba9b699133b7bca0d31') in 0.014326 seconds
Number of updated asset objects reloaded before import = 0
Number of asset objects unloaded after import = 3
========================================================================
Received Import Request.
  Time since last request: 0.000014 seconds.
  path: Assets/Sunny Land Forest Assets/Artwork/Environment/TileMap/tileset_12.asset
  artifactKey: Guid(6db7bdbc0ec56e74bab696aa5e1b74e3) Importer(815301076,1909f56bfc062723c751e8b465ee728b)
Start importing Assets/Sunny Land Forest Assets/Artwork/Environment/TileMap/tileset_12.asset using Guid(6db7bdbc0ec56e74bab696aa5e1b74e3) Importer(815301076,1909f56bfc062723c751e8b465ee728b)  -> (artifact id: '29f2da8a3d0b2fe8f00b3e29b3c51468') in 0.004644 seconds
Number of updated asset objects reloaded before import = 0
Number of asset objects unloaded after import = 3
========================================================================
Received Import Request.
  Time since last request: 0.000015 seconds.
  path: Assets/Sunny Land Forest Assets/Artwork/Environment/TileMap/tileset_28.asset
  artifactKey: Guid(9f45b4694f261ca4f853986e02e4c93c) Importer(815301076,1909f56bfc062723c751e8b465ee728b)
Start importing Assets/Sunny Land Forest Assets/Artwork/Environment/TileMap/tileset_28.asset using Guid(9f45b4694f261ca4f853986e02e4c93c) Importer(815301076,1909f56bfc062723c751e8b465ee728b)  -> (artifact id: 'c09df5e6fc3046dada30443fd25be36d') in 0.012120 seconds
Number of updated asset objects reloaded before import = 0
Number of asset objects unloaded after import = 3
Editor requested this worker to shutdown with reason: Scaling down because of idle timeout
TcpMessagingSession - receive error: operation aborted. errorcode: 995, details: A operação de E/S foi anulada devido a uma saída de thread ou a uma requisição de aplicativo.
AssetImportWorker is now disconnected from the server
Process exiting
Exiting without the bug reporter. Application will terminate with return code 0